<?xml version="1.0" encoding="UTF-8"?>
<testng-results skipped="0" failed="7" ignored="0" total="24" passed="17">
  <reporter-output>
  </reporter-output>
  <suite name="Main Suite" duration-ms="413860" started-at="2021-04-03T04:05:07Z" finished-at="2021-04-03T04:12:01Z">
    <groups>
    </groups>
    <test name="ChromeTest" duration-ms="231961" started-at="2021-04-03T04:05:07Z" finished-at="2021-04-03T04:08:59Z">
      <class name="FactoryRunners.SystemTestCasesRunner">
        <test-method status="PASS" signature="beforeClass(java.lang.String)[pri:0, instance:FactoryRunners.SystemTestCasesRunner@6a03bcb1]" name="beforeClass" is-config="true" duration-ms="4327" started-at="2021-04-03T04:05:07Z" finished-at="2021-04-03T04:05:12Z">
          <params>
            <param index="0">
              <value>
                <![CDATA[chrome]]>
              </value>
            </param>
          </params>
          <reporter-output>
          </reporter-output>
        </test-method> <!-- beforeClass -->
        <test-method status="PASS" signature="beforeMethod()[pri:0, instance:FactoryRunners.SystemTestCasesRunner@6a03bcb1]" name="beforeMethod" is-config="true" duration-ms="10786" started-at="2021-04-03T04:05:12Z" finished-at="2021-04-03T04:05:22Z">
          <reporter-output>
          </reporter-output>
        </test-method> <!-- beforeMethod -->
        <test-method status="PASS" signature="oneWayFlightBooking(java.lang.String, java.lang.String, java.lang.String, java.lang.String, java.lang.String, java.lang.String, java.lang.String, java.lang.String, java.lang.String, java.lang.String, java.lang.String, java.lang.String, java.lang.String, java.lang.String, java.lang.String, java.lang.String, java.lang.String, java.lang.String, java.lang.String, java.lang.String, java.lang.String)[pri:1, instance:FactoryRunners.SystemTestCasesRunner@6a03bcb1]" name="oneWayFlightBooking" duration-ms="52266" started-at="2021-04-03T04:05:23Z" data-provider="oneWayDP" finished-at="2021-04-03T04:06:15Z">
          <params>
            <param index="0">
              <value>
                <![CDATA[Mr.]]>
              </value>
            </param>
            <param index="1">
              <value>
                <![CDATA[Mathew]]>
              </value>
            </param>
            <param index="2">
              <value>
                <![CDATA[Alex]]>
              </value>
            </param>
            <param index="3">
              <value>
                <![CDATA[9898989898]]>
              </value>
            </param>
            <param index="4">
              <value>
                <![CDATA[2333 3333 3333 3333]]>
              </value>
            </param>
            <param index="5">
              <value>
                <![CDATA[02-Feb]]>
              </value>
            </param>
            <param index="6">
              <value>
                <![CDATA[2025]]>
              </value>
            </param>
            <param index="7">
              <value>
                <![CDATA[123]]>
              </value>
            </param>
            <param index="8">
              <value>
                <![CDATA[India]]>
              </value>
            </param>
            <param index="9">
              <value>
                <![CDATA[Thane]]>
              </value>
            </param>
            <param index="10">
              <value>
                <![CDATA[Thane]]>
              </value>
            </param>
            <param index="11">
              <value>
                <![CDATA[Thane]]>
              </value>
            </param>
            <param index="12">
              <value>
                <![CDATA[123456]]>
              </value>
            </param>
            <param index="13">
              <value>
                <![CDATA[m]]>
              </value>
            </param>
            <param index="14">
              <value>
                <![CDATA[01]]>
              </value>
            </param>
            <param index="15">
              <value>
                <![CDATA[01-Jan]]>
              </value>
            </param>
            <param index="16">
              <value>
                <![CDATA[2000]]>
              </value>
            </param>
            <param index="17">
              <value>
                <![CDATA[tejas@gmail.com]]>
              </value>
            </param>
            <param index="18">
              <value>
                <![CDATA[Mumbai]]>
              </value>
            </param>
            <param index="19">
              <value>
                <![CDATA[Delhi]]>
              </value>
            </param>
            <param index="20">
              <value>
                <![CDATA[15 April 2021]]>
              </value>
            </param>
          </params>
          <reporter-output>
          </reporter-output>
        </test-method> <!-- oneWayFlightBooking -->
        <test-method status="PASS" signature="afterMethod()[pri:0, instance:FactoryRunners.SystemTestCasesRunner@6a03bcb1]" name="afterMethod" is-config="true" duration-ms="10048" started-at="2021-04-03T04:06:15Z" finished-at="2021-04-03T04:06:25Z">
          <reporter-output>
          </reporter-output>
        </test-method> <!-- afterMethod -->
        <test-method status="PASS" signature="beforeMethod()[pri:0, instance:FactoryRunners.SystemTestCasesRunner@6a03bcb1]" name="beforeMethod" is-config="true" duration-ms="5387" started-at="2021-04-03T04:06:25Z" finished-at="2021-04-03T04:06:30Z">
          <reporter-output>
          </reporter-output>
        </test-method> <!-- beforeMethod -->
        <test-method status="FAIL" signature="returnFlighBooking(java.lang.String, java.lang.String, java.lang.String, java.lang.String, java.lang.String, java.lang.String, java.lang.String, java.lang.String, java.lang.String, java.lang.String, java.lang.String, java.lang.String, java.lang.String, java.lang.String, java.lang.String, java.lang.String, java.lang.String, java.lang.String, java.lang.String, java.lang.String, java.lang.String, java.lang.String)[pri:2, instance:FactoryRunners.SystemTestCasesRunner@6a03bcb1]" name="returnFlighBooking" duration-ms="64698" started-at="2021-04-03T04:06:30Z" data-provider="returnDP" finished-at="2021-04-03T04:07:35Z">
          <params>
            <param index="0">
              <value>
                <![CDATA[Mr.]]>
              </value>
            </param>
            <param index="1">
              <value>
                <![CDATA[Mathew]]>
              </value>
            </param>
            <param index="2">
              <value>
                <![CDATA[Alex]]>
              </value>
            </param>
            <param index="3">
              <value>
                <![CDATA[9898989898]]>
              </value>
            </param>
            <param index="4">
              <value>
                <![CDATA[2333 3333 3333 3333]]>
              </value>
            </param>
            <param index="5">
              <value>
                <![CDATA[02-Feb]]>
              </value>
            </param>
            <param index="6">
              <value>
                <![CDATA[2025]]>
              </value>
            </param>
            <param index="7">
              <value>
                <![CDATA[123]]>
              </value>
            </param>
            <param index="8">
              <value>
                <![CDATA[India]]>
              </value>
            </param>
            <param index="9">
              <value>
                <![CDATA[Thane]]>
              </value>
            </param>
            <param index="10">
              <value>
                <![CDATA[Thane]]>
              </value>
            </param>
            <param index="11">
              <value>
                <![CDATA[Thane]]>
              </value>
            </param>
            <param index="12">
              <value>
                <![CDATA[123456]]>
              </value>
            </param>
            <param index="13">
              <value>
                <![CDATA[m]]>
              </value>
            </param>
            <param index="14">
              <value>
                <![CDATA[01]]>
              </value>
            </param>
            <param index="15">
              <value>
                <![CDATA[01-Jan]]>
              </value>
            </param>
            <param index="16">
              <value>
                <![CDATA[2000]]>
              </value>
            </param>
            <param index="17">
              <value>
                <![CDATA[tejas@gmail.com]]>
              </value>
            </param>
            <param index="18">
              <value>
                <![CDATA[Mumbai]]>
              </value>
            </param>
            <param index="19">
              <value>
                <![CDATA[Delhi]]>
              </value>
            </param>
            <param index="20">
              <value>
                <![CDATA[15 April 2021]]>
              </value>
            </param>
            <param index="21">
              <value>
                <![CDATA[18 April 2021]]>
              </value>
            </param>
          </params>
          <exception class="java.lang.AssertionError">
            <message>
              <![CDATA[Fields have changed compared to previous version.]]>
            </message>
            <full-stacktrace>
              <![CDATA[java.lang.AssertionError: Fields have changed compared to previous version.
at org.testng.Assert.fail(Assert.java:96)
at FactoryRunners.SystemTestCasesRunner.returnFlighBooking(SystemTestCasesRunner.java:85)
at sun.reflect.NativeMethodAccessorImpl.invoke0(Native Method)
at sun.reflect.NativeMethodAccessorImpl.invoke(NativeMethodAccessorImpl.java:62)
at sun.reflect.DelegatingMethodAccessorImpl.invoke(DelegatingMethodAccessorImpl.java:43)
at java.lang.reflect.Method.invoke(Method.java:498)
at org.testng.internal.MethodInvocationHelper.invokeMethod(MethodInvocationHelper.java:124)
at org.testng.internal.Invoker.invokeMethod(Invoker.java:583)
at org.testng.internal.Invoker.invokeTestMethod(Invoker.java:719)
at org.testng.internal.Invoker.invokeTestMethods(Invoker.java:989)
at org.testng.internal.TestMethodWorker.invokeTestMethods(TestMethodWorker.java:125)
at org.testng.internal.TestMethodWorker.run(TestMethodWorker.java:109)
at org.testng.TestRunner.privateRun(TestRunner.java:648)
at org.testng.TestRunner.run(TestRunner.java:505)
at org.testng.SuiteRunner.runTest(SuiteRunner.java:455)
at org.testng.SuiteRunner.access$000(SuiteRunner.java:40)
at org.testng.SuiteRunner$SuiteWorker.run(SuiteRunner.java:489)
at org.testng.internal.thread.ThreadUtil$1.call(ThreadUtil.java:52)
at java.util.concurrent.FutureTask.run(FutureTask.java:266)
at java.util.concurrent.ThreadPoolExecutor.runWorker(ThreadPoolExecutor.java:1149)
at java.util.concurrent.ThreadPoolExecutor$Worker.run(ThreadPoolExecutor.java:624)
at java.lang.Thread.run(Thread.java:748)
]]>
            </full-stacktrace>
          </exception> <!-- java.lang.AssertionError -->
          <reporter-output>
          </reporter-output>
        </test-method> <!-- returnFlighBooking -->
        <test-method status="PASS" signature="afterMethod()[pri:0, instance:FactoryRunners.SystemTestCasesRunner@6a03bcb1]" name="afterMethod" is-config="true" duration-ms="10082" started-at="2021-04-03T04:07:35Z" finished-at="2021-04-03T04:07:45Z">
          <reporter-output>
          </reporter-output>
        </test-method> <!-- afterMethod -->
        <test-method status="PASS" signature="beforeMethod()[pri:0, instance:FactoryRunners.SystemTestCasesRunner@6a03bcb1]" name="beforeMethod" is-config="true" duration-ms="3732" started-at="2021-04-03T04:07:45Z" finished-at="2021-04-03T04:07:49Z">
          <reporter-output>
          </reporter-output>
        </test-method> <!-- beforeMethod -->
        <test-method status="FAIL" signature="multiCityBooking(java.lang.String, java.lang.String, java.lang.String, java.lang.String, java.lang.String, java.lang.String, java.lang.String, java.lang.String, java.lang.String, java.lang.String, java.lang.String, java.lang.String, java.lang.String, java.lang.String, java.lang.String, java.lang.String, java.lang.String, java.lang.String, java.lang.String, java.lang.String, java.lang.String, java.lang.String, java.lang.String, java.lang.String)[pri:3, instance:FactoryRunners.SystemTestCasesRunner@6a03bcb1]" name="multiCityBooking" duration-ms="57221" started-at="2021-04-03T04:07:49Z" data-provider="multiDP" finished-at="2021-04-03T04:08:46Z">
          <params>
            <param index="0">
              <value>
                <![CDATA[Mr.]]>
              </value>
            </param>
            <param index="1">
              <value>
                <![CDATA[Mathew]]>
              </value>
            </param>
            <param index="2">
              <value>
                <![CDATA[Alex]]>
              </value>
            </param>
            <param index="3">
              <value>
                <![CDATA[9898989898]]>
              </value>
            </param>
            <param index="4">
              <value>
                <![CDATA[2333 3333 3333 3333]]>
              </value>
            </param>
            <param index="5">
              <value>
                <![CDATA[02-Feb]]>
              </value>
            </param>
            <param index="6">
              <value>
                <![CDATA[2025]]>
              </value>
            </param>
            <param index="7">
              <value>
                <![CDATA[123]]>
              </value>
            </param>
            <param index="8">
              <value>
                <![CDATA[India]]>
              </value>
            </param>
            <param index="9">
              <value>
                <![CDATA[Thane]]>
              </value>
            </param>
            <param index="10">
              <value>
                <![CDATA[Thane]]>
              </value>
            </param>
            <param index="11">
              <value>
                <![CDATA[Thane]]>
              </value>
            </param>
            <param index="12">
              <value>
                <![CDATA[123456]]>
              </value>
            </param>
            <param index="13">
              <value>
                <![CDATA[m]]>
              </value>
            </param>
            <param index="14">
              <value>
                <![CDATA[01]]>
              </value>
            </param>
            <param index="15">
              <value>
                <![CDATA[01-Jan]]>
              </value>
            </param>
            <param index="16">
              <value>
                <![CDATA[2000]]>
              </value>
            </param>
            <param index="17">
              <value>
                <![CDATA[tejas@gmail.com]]>
              </value>
            </param>
            <param index="18">
              <value>
                <![CDATA[Mumbai]]>
              </value>
            </param>
            <param index="19">
              <value>
                <![CDATA[Delhi]]>
              </value>
            </param>
            <param index="20">
              <value>
                <![CDATA[15 April 2021]]>
              </value>
            </param>
            <param index="21">
              <value>
                <![CDATA[Delhi]]>
              </value>
            </param>
            <param index="22">
              <value>
                <![CDATA[Goa]]>
              </value>
            </param>
            <param index="23">
              <value>
                <![CDATA[16 April 2021]]>
              </value>
            </param>
          </params>
          <exception class="java.lang.AssertionError">
            <message>
              <![CDATA[Fields have changed compared to previous version.]]>
            </message>
            <full-stacktrace>
              <![CDATA[java.lang.AssertionError: Fields have changed compared to previous version.
at org.testng.Assert.fail(Assert.java:96)
at FactoryRunners.SystemTestCasesRunner.multiCityBooking(SystemTestCasesRunner.java:106)
at sun.reflect.NativeMethodAccessorImpl.invoke0(Native Method)
at sun.reflect.NativeMethodAccessorImpl.invoke(NativeMethodAccessorImpl.java:62)
at sun.reflect.DelegatingMethodAccessorImpl.invoke(DelegatingMethodAccessorImpl.java:43)
at java.lang.reflect.Method.invoke(Method.java:498)
at org.testng.internal.MethodInvocationHelper.invokeMethod(MethodInvocationHelper.java:124)
at org.testng.internal.Invoker.invokeMethod(Invoker.java:583)
at org.testng.internal.Invoker.invokeTestMethod(Invoker.java:719)
at org.testng.internal.Invoker.invokeTestMethods(Invoker.java:989)
at org.testng.internal.TestMethodWorker.invokeTestMethods(TestMethodWorker.java:125)
at org.testng.internal.TestMethodWorker.run(TestMethodWorker.java:109)
at org.testng.TestRunner.privateRun(TestRunner.java:648)
at org.testng.TestRunner.run(TestRunner.java:505)
at org.testng.SuiteRunner.runTest(SuiteRunner.java:455)
at org.testng.SuiteRunner.access$000(SuiteRunner.java:40)
at org.testng.SuiteRunner$SuiteWorker.run(SuiteRunner.java:489)
at org.testng.internal.thread.ThreadUtil$1.call(ThreadUtil.java:52)
at java.util.concurrent.FutureTask.run(FutureTask.java:266)
at java.util.concurrent.ThreadPoolExecutor.runWorker(ThreadPoolExecutor.java:1149)
at java.util.concurrent.ThreadPoolExecutor$Worker.run(ThreadPoolExecutor.java:624)
at java.lang.Thread.run(Thread.java:748)
]]>
            </full-stacktrace>
          </exception> <!-- java.lang.AssertionError -->
          <reporter-output>
          </reporter-output>
        </test-method> <!-- multiCityBooking -->
        <test-method status="PASS" signature="afterMethod()[pri:0, instance:FactoryRunners.SystemTestCasesRunner@6a03bcb1]" name="afterMethod" is-config="true" duration-ms="10060" started-at="2021-04-03T04:08:46Z" finished-at="2021-04-03T04:08:56Z">
          <reporter-output>
          </reporter-output>
        </test-method> <!-- afterMethod -->
        <test-method status="PASS" signature="afterClass()[pri:0, instance:FactoryRunners.SystemTestCasesRunner@6a03bcb1]" name="afterClass" is-config="true" duration-ms="3022" started-at="2021-04-03T04:08:56Z" finished-at="2021-04-03T04:08:59Z">
          <reporter-output>
          </reporter-output>
        </test-method> <!-- afterClass -->
      </class> <!-- FactoryRunners.SystemTestCasesRunner -->
    </test> <!-- ChromeTest -->
    <test name="OperaTest" duration-ms="232288" started-at="2021-04-03T04:05:07Z" finished-at="2021-04-03T04:09:00Z">
      <class name="FactoryRunners.SystemTestCasesRunner">
        <test-method status="PASS" signature="beforeClass(java.lang.String)[pri:0, instance:FactoryRunners.SystemTestCasesRunner@1dac5ef]" name="beforeClass" is-config="true" duration-ms="5245" started-at="2021-04-03T04:05:07Z" finished-at="2021-04-03T04:05:13Z">
          <params>
            <param index="0">
              <value>
                <![CDATA[opera]]>
              </value>
            </param>
          </params>
          <reporter-output>
          </reporter-output>
        </test-method> <!-- beforeClass -->
        <test-method status="PASS" signature="beforeMethod()[pri:0, instance:FactoryRunners.SystemTestCasesRunner@1dac5ef]" name="beforeMethod" is-config="true" duration-ms="16438" started-at="2021-04-03T04:05:13Z" finished-at="2021-04-03T04:05:29Z">
          <reporter-output>
          </reporter-output>
        </test-method> <!-- beforeMethod -->
        <test-method status="PASS" signature="oneWayFlightBooking(java.lang.String, java.lang.String, java.lang.String, java.lang.String, java.lang.String, java.lang.String, java.lang.String, java.lang.String, java.lang.String, java.lang.String, java.lang.String, java.lang.String, java.lang.String, java.lang.String, java.lang.String, java.lang.String, java.lang.String, java.lang.String, java.lang.String, java.lang.String, java.lang.String)[pri:1, instance:FactoryRunners.SystemTestCasesRunner@1dac5ef]" name="oneWayFlightBooking" duration-ms="46367" started-at="2021-04-03T04:05:29Z" data-provider="oneWayDP" finished-at="2021-04-03T04:06:15Z">
          <params>
            <param index="0">
              <value>
                <![CDATA[Mr.]]>
              </value>
            </param>
            <param index="1">
              <value>
                <![CDATA[Mathew]]>
              </value>
            </param>
            <param index="2">
              <value>
                <![CDATA[Alex]]>
              </value>
            </param>
            <param index="3">
              <value>
                <![CDATA[9898989898]]>
              </value>
            </param>
            <param index="4">
              <value>
                <![CDATA[2333 3333 3333 3333]]>
              </value>
            </param>
            <param index="5">
              <value>
                <![CDATA[02-Feb]]>
              </value>
            </param>
            <param index="6">
              <value>
                <![CDATA[2025]]>
              </value>
            </param>
            <param index="7">
              <value>
                <![CDATA[123]]>
              </value>
            </param>
            <param index="8">
              <value>
                <![CDATA[India]]>
              </value>
            </param>
            <param index="9">
              <value>
                <![CDATA[Thane]]>
              </value>
            </param>
            <param index="10">
              <value>
                <![CDATA[Thane]]>
              </value>
            </param>
            <param index="11">
              <value>
                <![CDATA[Thane]]>
              </value>
            </param>
            <param index="12">
              <value>
                <![CDATA[123456]]>
              </value>
            </param>
            <param index="13">
              <value>
                <![CDATA[m]]>
              </value>
            </param>
            <param index="14">
              <value>
                <![CDATA[01]]>
              </value>
            </param>
            <param index="15">
              <value>
                <![CDATA[01-Jan]]>
              </value>
            </param>
            <param index="16">
              <value>
                <![CDATA[2000]]>
              </value>
            </param>
            <param index="17">
              <value>
                <![CDATA[tejas@gmail.com]]>
              </value>
            </param>
            <param index="18">
              <value>
                <![CDATA[Mumbai]]>
              </value>
            </param>
            <param index="19">
              <value>
                <![CDATA[Delhi]]>
              </value>
            </param>
            <param index="20">
              <value>
                <![CDATA[15 April 2021]]>
              </value>
            </param>
          </params>
          <reporter-output>
          </reporter-output>
        </test-method> <!-- oneWayFlightBooking -->
        <test-method status="PASS" signature="afterMethod()[pri:0, instance:FactoryRunners.SystemTestCasesRunner@1dac5ef]" name="afterMethod" is-config="true" duration-ms="10051" started-at="2021-04-03T04:06:15Z" finished-at="2021-04-03T04:06:25Z">
          <reporter-output>
          </reporter-output>
        </test-method> <!-- afterMethod -->
        <test-method status="PASS" signature="beforeMethod()[pri:0, instance:FactoryRunners.SystemTestCasesRunner@1dac5ef]" name="beforeMethod" is-config="true" duration-ms="5851" started-at="2021-04-03T04:06:25Z" finished-at="2021-04-03T04:06:31Z">
          <reporter-output>
          </reporter-output>
        </test-method> <!-- beforeMethod -->
        <test-method status="FAIL" signature="returnFlighBooking(java.lang.String, java.lang.String, java.lang.String, java.lang.String, java.lang.String, java.lang.String, java.lang.String, java.lang.String, java.lang.String, java.lang.String, java.lang.String, java.lang.String, java.lang.String, java.lang.String, java.lang.String, java.lang.String, java.lang.String, java.lang.String, java.lang.String, java.lang.String, java.lang.String, java.lang.String)[pri:2, instance:FactoryRunners.SystemTestCasesRunner@1dac5ef]" name="returnFlighBooking" duration-ms="64290" started-at="2021-04-03T04:06:31Z" data-provider="returnDP" finished-at="2021-04-03T04:07:36Z">
          <params>
            <param index="0">
              <value>
                <![CDATA[Mr.]]>
              </value>
            </param>
            <param index="1">
              <value>
                <![CDATA[Mathew]]>
              </value>
            </param>
            <param index="2">
              <value>
                <![CDATA[Alex]]>
              </value>
            </param>
            <param index="3">
              <value>
                <![CDATA[9898989898]]>
              </value>
            </param>
            <param index="4">
              <value>
                <![CDATA[2333 3333 3333 3333]]>
              </value>
            </param>
            <param index="5">
              <value>
                <![CDATA[02-Feb]]>
              </value>
            </param>
            <param index="6">
              <value>
                <![CDATA[2025]]>
              </value>
            </param>
            <param index="7">
              <value>
                <![CDATA[123]]>
              </value>
            </param>
            <param index="8">
              <value>
                <![CDATA[India]]>
              </value>
            </param>
            <param index="9">
              <value>
                <![CDATA[Thane]]>
              </value>
            </param>
            <param index="10">
              <value>
                <![CDATA[Thane]]>
              </value>
            </param>
            <param index="11">
              <value>
                <![CDATA[Thane]]>
              </value>
            </param>
            <param index="12">
              <value>
                <![CDATA[123456]]>
              </value>
            </param>
            <param index="13">
              <value>
                <![CDATA[m]]>
              </value>
            </param>
            <param index="14">
              <value>
                <![CDATA[01]]>
              </value>
            </param>
            <param index="15">
              <value>
                <![CDATA[01-Jan]]>
              </value>
            </param>
            <param index="16">
              <value>
                <![CDATA[2000]]>
              </value>
            </param>
            <param index="17">
              <value>
                <![CDATA[tejas@gmail.com]]>
              </value>
            </param>
            <param index="18">
              <value>
                <![CDATA[Mumbai]]>
              </value>
            </param>
            <param index="19">
              <value>
                <![CDATA[Delhi]]>
              </value>
            </param>
            <param index="20">
              <value>
                <![CDATA[15 April 2021]]>
              </value>
            </param>
            <param index="21">
              <value>
                <![CDATA[18 April 2021]]>
              </value>
            </param>
          </params>
          <exception class="java.lang.AssertionError">
            <message>
              <![CDATA[Fields have changed compared to previous version.]]>
            </message>
            <full-stacktrace>
              <![CDATA[java.lang.AssertionError: Fields have changed compared to previous version.
at org.testng.Assert.fail(Assert.java:96)
at FactoryRunners.SystemTestCasesRunner.returnFlighBooking(SystemTestCasesRunner.java:85)
at sun.reflect.NativeMethodAccessorImpl.invoke0(Native Method)
at sun.reflect.NativeMethodAccessorImpl.invoke(NativeMethodAccessorImpl.java:62)
at sun.reflect.DelegatingMethodAccessorImpl.invoke(DelegatingMethodAccessorImpl.java:43)
at java.lang.reflect.Method.invoke(Method.java:498)
at org.testng.internal.MethodInvocationHelper.invokeMethod(MethodInvocationHelper.java:124)
at org.testng.internal.Invoker.invokeMethod(Invoker.java:583)
at org.testng.internal.Invoker.invokeTestMethod(Invoker.java:719)
at org.testng.internal.Invoker.invokeTestMethods(Invoker.java:989)
at org.testng.internal.TestMethodWorker.invokeTestMethods(TestMethodWorker.java:125)
at org.testng.internal.TestMethodWorker.run(TestMethodWorker.java:109)
at org.testng.TestRunner.privateRun(TestRunner.java:648)
at org.testng.TestRunner.run(TestRunner.java:505)
at org.testng.SuiteRunner.runTest(SuiteRunner.java:455)
at org.testng.SuiteRunner.access$000(SuiteRunner.java:40)
at org.testng.SuiteRunner$SuiteWorker.run(SuiteRunner.java:489)
at org.testng.internal.thread.ThreadUtil$1.call(ThreadUtil.java:52)
at java.util.concurrent.FutureTask.run(FutureTask.java:266)
at java.util.concurrent.ThreadPoolExecutor.runWorker(ThreadPoolExecutor.java:1149)
at java.util.concurrent.ThreadPoolExecutor$Worker.run(ThreadPoolExecutor.java:624)
at java.lang.Thread.run(Thread.java:748)
]]>
            </full-stacktrace>
          </exception> <!-- java.lang.AssertionError -->
          <reporter-output>
          </reporter-output>
        </test-method> <!-- returnFlighBooking -->
        <test-method status="PASS" signature="afterMethod()[pri:0, instance:FactoryRunners.SystemTestCasesRunner@1dac5ef]" name="afterMethod" is-config="true" duration-ms="10017" started-at="2021-04-03T04:07:36Z" finished-at="2021-04-03T04:07:46Z">
          <reporter-output>
          </reporter-output>
        </test-method> <!-- afterMethod -->
        <test-method status="PASS" signature="beforeMethod()[pri:0, instance:FactoryRunners.SystemTestCasesRunner@1dac5ef]" name="beforeMethod" is-config="true" duration-ms="3839" started-at="2021-04-03T04:07:46Z" finished-at="2021-04-03T04:07:49Z">
          <reporter-output>
          </reporter-output>
        </test-method> <!-- beforeMethod -->
        <test-method status="FAIL" signature="multiCityBooking(java.lang.String, java.lang.String, java.lang.String, java.lang.String, java.lang.String, java.lang.String, java.lang.String, java.lang.String, java.lang.String, java.lang.String, java.lang.String, java.lang.String, java.lang.String, java.lang.String, java.lang.String, java.lang.String, java.lang.String, java.lang.String, java.lang.String, java.lang.String, java.lang.String, java.lang.String, java.lang.String, java.lang.String)[pri:3, instance:FactoryRunners.SystemTestCasesRunner@1dac5ef]" name="multiCityBooking" duration-ms="57068" started-at="2021-04-03T04:07:49Z" data-provider="multiDP" finished-at="2021-04-03T04:08:47Z">
          <params>
            <param index="0">
              <value>
                <![CDATA[Mr.]]>
              </value>
            </param>
            <param index="1">
              <value>
                <![CDATA[Mathew]]>
              </value>
            </param>
            <param index="2">
              <value>
                <![CDATA[Alex]]>
              </value>
            </param>
            <param index="3">
              <value>
                <![CDATA[9898989898]]>
              </value>
            </param>
            <param index="4">
              <value>
                <![CDATA[2333 3333 3333 3333]]>
              </value>
            </param>
            <param index="5">
              <value>
                <![CDATA[02-Feb]]>
              </value>
            </param>
            <param index="6">
              <value>
                <![CDATA[2025]]>
              </value>
            </param>
            <param index="7">
              <value>
                <![CDATA[123]]>
              </value>
            </param>
            <param index="8">
              <value>
                <![CDATA[India]]>
              </value>
            </param>
            <param index="9">
              <value>
                <![CDATA[Thane]]>
              </value>
            </param>
            <param index="10">
              <value>
                <![CDATA[Thane]]>
              </value>
            </param>
            <param index="11">
              <value>
                <![CDATA[Thane]]>
              </value>
            </param>
            <param index="12">
              <value>
                <![CDATA[123456]]>
              </value>
            </param>
            <param index="13">
              <value>
                <![CDATA[m]]>
              </value>
            </param>
            <param index="14">
              <value>
                <![CDATA[01]]>
              </value>
            </param>
            <param index="15">
              <value>
                <![CDATA[01-Jan]]>
              </value>
            </param>
            <param index="16">
              <value>
                <![CDATA[2000]]>
              </value>
            </param>
            <param index="17">
              <value>
                <![CDATA[tejas@gmail.com]]>
              </value>
            </param>
            <param index="18">
              <value>
                <![CDATA[Mumbai]]>
              </value>
            </param>
            <param index="19">
              <value>
                <![CDATA[Delhi]]>
              </value>
            </param>
            <param index="20">
              <value>
                <![CDATA[15 April 2021]]>
              </value>
            </param>
            <param index="21">
              <value>
                <![CDATA[Delhi]]>
              </value>
            </param>
            <param index="22">
              <value>
                <![CDATA[Goa]]>
              </value>
            </param>
            <param index="23">
              <value>
                <![CDATA[16 April 2021]]>
              </value>
            </param>
          </params>
          <exception class="java.lang.AssertionError">
            <message>
              <![CDATA[Fields have changed compared to previous version.]]>
            </message>
            <full-stacktrace>
              <![CDATA[java.lang.AssertionError: Fields have changed compared to previous version.
at org.testng.Assert.fail(Assert.java:96)
at FactoryRunners.SystemTestCasesRunner.multiCityBooking(SystemTestCasesRunner.java:106)
at sun.reflect.NativeMethodAccessorImpl.invoke0(Native Method)
at sun.reflect.NativeMethodAccessorImpl.invoke(NativeMethodAccessorImpl.java:62)
at sun.reflect.DelegatingMethodAccessorImpl.invoke(DelegatingMethodAccessorImpl.java:43)
at java.lang.reflect.Method.invoke(Method.java:498)
at org.testng.internal.MethodInvocationHelper.invokeMethod(MethodInvocationHelper.java:124)
at org.testng.internal.Invoker.invokeMethod(Invoker.java:583)
at org.testng.internal.Invoker.invokeTestMethod(Invoker.java:719)
at org.testng.internal.Invoker.invokeTestMethods(Invoker.java:989)
at org.testng.internal.TestMethodWorker.invokeTestMethods(TestMethodWorker.java:125)
at org.testng.internal.TestMethodWorker.run(TestMethodWorker.java:109)
at org.testng.TestRunner.privateRun(TestRunner.java:648)
at org.testng.TestRunner.run(TestRunner.java:505)
at org.testng.SuiteRunner.runTest(SuiteRunner.java:455)
at org.testng.SuiteRunner.access$000(SuiteRunner.java:40)
at org.testng.SuiteRunner$SuiteWorker.run(SuiteRunner.java:489)
at org.testng.internal.thread.ThreadUtil$1.call(ThreadUtil.java:52)
at java.util.concurrent.FutureTask.run(FutureTask.java:266)
at java.util.concurrent.ThreadPoolExecutor.runWorker(ThreadPoolExecutor.java:1149)
at java.util.concurrent.ThreadPoolExecutor$Worker.run(ThreadPoolExecutor.java:624)
at java.lang.Thread.run(Thread.java:748)
]]>
            </full-stacktrace>
          </exception> <!-- java.lang.AssertionError -->
          <reporter-output>
          </reporter-output>
        </test-method> <!-- multiCityBooking -->
        <test-method status="PASS" signature="afterMethod()[pri:0, instance:FactoryRunners.SystemTestCasesRunner@1dac5ef]" name="afterMethod" is-config="true" duration-ms="10055" started-at="2021-04-03T04:08:47Z" finished-at="2021-04-03T04:08:57Z">
          <reporter-output>
          </reporter-output>
        </test-method> <!-- afterMethod -->
        <test-method status="PASS" signature="afterClass()[pri:0, instance:FactoryRunners.SystemTestCasesRunner@1dac5ef]" name="afterClass" is-config="true" duration-ms="2980" started-at="2021-04-03T04:08:57Z" finished-at="2021-04-03T04:09:00Z">
          <reporter-output>
          </reporter-output>
        </test-method> <!-- afterClass -->
      </class> <!-- FactoryRunners.SystemTestCasesRunner -->
    </test> <!-- OperaTest -->
    <test name="UnitTests" duration-ms="413860" started-at="2021-04-03T04:05:07Z" finished-at="2021-04-03T04:12:01Z">
      <class name="FactoryRunners.CheckoutRunner">
        <test-method status="PASS" signature="beforeClass(java.lang.String)[pri:0, instance:FactoryRunners.CheckoutRunner@3571b748]" name="beforeClass" is-config="true" duration-ms="3932" started-at="2021-04-03T04:07:32Z" finished-at="2021-04-03T04:07:36Z">
          <params>
            <param index="0">
              <value>
                <![CDATA[chrome]]>
              </value>
            </param>
          </params>
          <reporter-output>
          </reporter-output>
        </test-method> <!-- beforeClass -->
        <test-method status="FAIL" signature="OneWayCheckoutTest(java.lang.String, java.lang.String, java.lang.String, java.lang.String, java.lang.String, java.lang.String, java.lang.String, java.lang.String, java.lang.String, java.lang.String, java.lang.String, java.lang.String, java.lang.String, java.lang.String, java.lang.String, java.lang.String, java.lang.String, java.lang.String)[pri:0, instance:FactoryRunners.CheckoutRunner@3571b748]" name="OneWayCheckoutTest" duration-ms="17552" started-at="2021-04-03T04:07:36Z" data-provider="checkoutData" finished-at="2021-04-03T04:07:54Z">
          <params>
            <param index="0">
              <value>
                <![CDATA[Mr.]]>
              </value>
            </param>
            <param index="1">
              <value>
                <![CDATA[Mathew]]>
              </value>
            </param>
            <param index="2">
              <value>
                <![CDATA[Alex]]>
              </value>
            </param>
            <param index="3">
              <value>
                <![CDATA[9898989898]]>
              </value>
            </param>
            <param index="4">
              <value>
                <![CDATA[2333 3333 3333 3333]]>
              </value>
            </param>
            <param index="5">
              <value>
                <![CDATA[02-Feb]]>
              </value>
            </param>
            <param index="6">
              <value>
                <![CDATA[2025]]>
              </value>
            </param>
            <param index="7">
              <value>
                <![CDATA[123]]>
              </value>
            </param>
            <param index="8">
              <value>
                <![CDATA[India]]>
              </value>
            </param>
            <param index="9">
              <value>
                <![CDATA[Thane]]>
              </value>
            </param>
            <param index="10">
              <value>
                <![CDATA[Thane]]>
              </value>
            </param>
            <param index="11">
              <value>
                <![CDATA[Thane]]>
              </value>
            </param>
            <param index="12">
              <value>
                <![CDATA[123456]]>
              </value>
            </param>
            <param index="13">
              <value>
                <![CDATA[m]]>
              </value>
            </param>
            <param index="14">
              <value>
                <![CDATA[1]]>
              </value>
            </param>
            <param index="15">
              <value>
                <![CDATA[01-Jan]]>
              </value>
            </param>
            <param index="16">
              <value>
                <![CDATA[2000]]>
              </value>
            </param>
            <param index="17">
              <value>
                <![CDATA[tejas@gmail.com]]>
              </value>
            </param>
          </params>
          <exception class="java.lang.AssertionError">
            <message>
              <![CDATA[Stopper effect observed, Version has changed and as a result unit testing cannot be carried out]]>
            </message>
            <full-stacktrace>
              <![CDATA[java.lang.AssertionError: Stopper effect observed, Version has changed and as a result unit testing cannot be carried out
at org.testng.Assert.fail(Assert.java:96)
at FactoryRunners.CheckoutRunner.OneWayCheckoutTest(CheckoutRunner.java:27)
at sun.reflect.NativeMethodAccessorImpl.invoke0(Native Method)
at sun.reflect.NativeMethodAccessorImpl.invoke(NativeMethodAccessorImpl.java:62)
at sun.reflect.DelegatingMethodAccessorImpl.invoke(DelegatingMethodAccessorImpl.java:43)
at java.lang.reflect.Method.invoke(Method.java:498)
at org.testng.internal.MethodInvocationHelper.invokeMethod(MethodInvocationHelper.java:124)
at org.testng.internal.Invoker.invokeMethod(Invoker.java:583)
at org.testng.internal.Invoker.invokeTestMethod(Invoker.java:719)
at org.testng.internal.Invoker.invokeTestMethods(Invoker.java:989)
at org.testng.internal.TestMethodWorker.invokeTestMethods(TestMethodWorker.java:125)
at org.testng.internal.TestMethodWorker.run(TestMethodWorker.java:109)
at org.testng.TestRunner.privateRun(TestRunner.java:648)
at org.testng.TestRunner.run(TestRunner.java:505)
at org.testng.SuiteRunner.runTest(SuiteRunner.java:455)
at org.testng.SuiteRunner.access$000(SuiteRunner.java:40)
at org.testng.SuiteRunner$SuiteWorker.run(SuiteRunner.java:489)
at org.testng.internal.thread.ThreadUtil$1.call(ThreadUtil.java:52)
at java.util.concurrent.FutureTask.run(FutureTask.java:266)
at java.util.concurrent.ThreadPoolExecutor.runWorker(ThreadPoolExecutor.java:1149)
at java.util.concurrent.ThreadPoolExecutor$Worker.run(ThreadPoolExecutor.java:624)
at java.lang.Thread.run(Thread.java:748)
]]>
            </full-stacktrace>
          </exception> <!-- java.lang.AssertionError -->
          <reporter-output>
          </reporter-output>
        </test-method> <!-- OneWayCheckoutTest -->
        <test-method status="FAIL" signature="multiCheckoutTest(java.lang.String, java.lang.String, java.lang.String, java.lang.String, java.lang.String, java.lang.String, java.lang.String, java.lang.String, java.lang.String, java.lang.String, java.lang.String, java.lang.String, java.lang.String, java.lang.String, java.lang.String, java.lang.String, java.lang.String, java.lang.String)[pri:0, instance:FactoryRunners.CheckoutRunner@3571b748]" name="multiCheckoutTest" duration-ms="7372" started-at="2021-04-03T04:07:54Z" data-provider="checkoutData" finished-at="2021-04-03T04:08:01Z">
          <params>
            <param index="0">
              <value>
                <![CDATA[Mr.]]>
              </value>
            </param>
            <param index="1">
              <value>
                <![CDATA[Mathew]]>
              </value>
            </param>
            <param index="2">
              <value>
                <![CDATA[Alex]]>
              </value>
            </param>
            <param index="3">
              <value>
                <![CDATA[9898989898]]>
              </value>
            </param>
            <param index="4">
              <value>
                <![CDATA[2333 3333 3333 3333]]>
              </value>
            </param>
            <param index="5">
              <value>
                <![CDATA[02-Feb]]>
              </value>
            </param>
            <param index="6">
              <value>
                <![CDATA[2025]]>
              </value>
            </param>
            <param index="7">
              <value>
                <![CDATA[123]]>
              </value>
            </param>
            <param index="8">
              <value>
                <![CDATA[India]]>
              </value>
            </param>
            <param index="9">
              <value>
                <![CDATA[Thane]]>
              </value>
            </param>
            <param index="10">
              <value>
                <![CDATA[Thane]]>
              </value>
            </param>
            <param index="11">
              <value>
                <![CDATA[Thane]]>
              </value>
            </param>
            <param index="12">
              <value>
                <![CDATA[123456]]>
              </value>
            </param>
            <param index="13">
              <value>
                <![CDATA[m]]>
              </value>
            </param>
            <param index="14">
              <value>
                <![CDATA[1]]>
              </value>
            </param>
            <param index="15">
              <value>
                <![CDATA[01-Jan]]>
              </value>
            </param>
            <param index="16">
              <value>
                <![CDATA[2000]]>
              </value>
            </param>
            <param index="17">
              <value>
                <![CDATA[tejas@gmail.com]]>
              </value>
            </param>
          </params>
          <exception class="java.lang.AssertionError">
            <message>
              <![CDATA[Stopper effect observed, Version has changed and as a result unit testing cannot be carried out]]>
            </message>
            <full-stacktrace>
              <![CDATA[java.lang.AssertionError: Stopper effect observed, Version has changed and as a result unit testing cannot be carried out
at org.testng.Assert.fail(Assert.java:96)
at FactoryRunners.CheckoutRunner.multiCheckoutTest(CheckoutRunner.java:118)
at sun.reflect.NativeMethodAccessorImpl.invoke0(Native Method)
at sun.reflect.NativeMethodAccessorImpl.invoke(NativeMethodAccessorImpl.java:62)
at sun.reflect.DelegatingMethodAccessorImpl.invoke(DelegatingMethodAccessorImpl.java:43)
at java.lang.reflect.Method.invoke(Method.java:498)
at org.testng.internal.MethodInvocationHelper.invokeMethod(MethodInvocationHelper.java:124)
at org.testng.internal.Invoker.invokeMethod(Invoker.java:583)
at org.testng.internal.Invoker.invokeTestMethod(Invoker.java:719)
at org.testng.internal.Invoker.invokeTestMethods(Invoker.java:989)
at org.testng.internal.TestMethodWorker.invokeTestMethods(TestMethodWorker.java:125)
at org.testng.internal.TestMethodWorker.run(TestMethodWorker.java:109)
at org.testng.TestRunner.privateRun(TestRunner.java:648)
at org.testng.TestRunner.run(TestRunner.java:505)
at org.testng.SuiteRunner.runTest(SuiteRunner.java:455)
at org.testng.SuiteRunner.access$000(SuiteRunner.java:40)
at org.testng.SuiteRunner$SuiteWorker.run(SuiteRunner.java:489)
at org.testng.internal.thread.ThreadUtil$1.call(ThreadUtil.java:52)
at java.util.concurrent.FutureTask.run(FutureTask.java:266)
at java.util.concurrent.ThreadPoolExecutor.runWorker(ThreadPoolExecutor.java:1149)
at java.util.concurrent.ThreadPoolExecutor$Worker.run(ThreadPoolExecutor.java:624)
at java.lang.Thread.run(Thread.java:748)
]]>
            </full-stacktrace>
          </exception> <!-- java.lang.AssertionError -->
          <reporter-output>
          </reporter-output>
        </test-method> <!-- multiCheckoutTest -->
        <test-method status="FAIL" signature="returnCheckoutTest(java.lang.String, java.lang.String, java.lang.String, java.lang.String, java.lang.String, java.lang.String, java.lang.String, java.lang.String, java.lang.String, java.lang.String, java.lang.String, java.lang.String, java.lang.String, java.lang.String, java.lang.String, java.lang.String, java.lang.String, java.lang.String)[pri:0, instance:FactoryRunners.CheckoutRunner@3571b748]" name="returnCheckoutTest" duration-ms="18387" started-at="2021-04-03T04:08:01Z" data-provider="checkoutData" finished-at="2021-04-03T04:08:20Z">
          <params>
            <param index="0">
              <value>
                <![CDATA[Mr.]]>
              </value>
            </param>
            <param index="1">
              <value>
                <![CDATA[Mathew]]>
              </value>
            </param>
            <param index="2">
              <value>
                <![CDATA[Alex]]>
              </value>
            </param>
            <param index="3">
              <value>
                <![CDATA[9898989898]]>
              </value>
            </param>
            <param index="4">
              <value>
                <![CDATA[2333 3333 3333 3333]]>
              </value>
            </param>
            <param index="5">
              <value>
                <![CDATA[02-Feb]]>
              </value>
            </param>
            <param index="6">
              <value>
                <![CDATA[2025]]>
              </value>
            </param>
            <param index="7">
              <value>
                <![CDATA[123]]>
              </value>
            </param>
            <param index="8">
              <value>
                <![CDATA[India]]>
              </value>
            </param>
            <param index="9">
              <value>
                <![CDATA[Thane]]>
              </value>
            </param>
            <param index="10">
              <value>
                <![CDATA[Thane]]>
              </value>
            </param>
            <param index="11">
              <value>
                <![CDATA[Thane]]>
              </value>
            </param>
            <param index="12">
              <value>
                <![CDATA[123456]]>
              </value>
            </param>
            <param index="13">
              <value>
                <![CDATA[m]]>
              </value>
            </param>
            <param index="14">
              <value>
                <![CDATA[1]]>
              </value>
            </param>
            <param index="15">
              <value>
                <![CDATA[01-Jan]]>
              </value>
            </param>
            <param index="16">
              <value>
                <![CDATA[2000]]>
              </value>
            </param>
            <param index="17">
              <value>
                <![CDATA[tejas@gmail.com]]>
              </value>
            </param>
          </params>
          <exception class="java.lang.AssertionError">
            <message>
              <![CDATA[Stopper effect observed, Version has changed and as a result unit testing cannot be carried out]]>
            </message>
            <full-stacktrace>
              <![CDATA[java.lang.AssertionError: Stopper effect observed, Version has changed and as a result unit testing cannot be carried out
at org.testng.Assert.fail(Assert.java:96)
at FactoryRunners.CheckoutRunner.returnCheckoutTest(CheckoutRunner.java:72)
at sun.reflect.NativeMethodAccessorImpl.invoke0(Native Method)
at sun.reflect.NativeMethodAccessorImpl.invoke(NativeMethodAccessorImpl.java:62)
at sun.reflect.DelegatingMethodAccessorImpl.invoke(DelegatingMethodAccessorImpl.java:43)
at java.lang.reflect.Method.invoke(Method.java:498)
at org.testng.internal.MethodInvocationHelper.invokeMethod(MethodInvocationHelper.java:124)
at org.testng.internal.Invoker.invokeMethod(Invoker.java:583)
at org.testng.internal.Invoker.invokeTestMethod(Invoker.java:719)
at org.testng.internal.Invoker.invokeTestMethods(Invoker.java:989)
at org.testng.internal.TestMethodWorker.invokeTestMethods(TestMethodWorker.java:125)
at org.testng.internal.TestMethodWorker.run(TestMethodWorker.java:109)
at org.testng.TestRunner.privateRun(TestRunner.java:648)
at org.testng.TestRunner.run(TestRunner.java:505)
at org.testng.SuiteRunner.runTest(SuiteRunner.java:455)
at org.testng.SuiteRunner.access$000(SuiteRunner.java:40)
at org.testng.SuiteRunner$SuiteWorker.run(SuiteRunner.java:489)
at org.testng.internal.thread.ThreadUtil$1.call(ThreadUtil.java:52)
at java.util.concurrent.FutureTask.run(FutureTask.java:266)
at java.util.concurrent.ThreadPoolExecutor.runWorker(ThreadPoolExecutor.java:1149)
at java.util.concurrent.ThreadPoolExecutor$Worker.run(ThreadPoolExecutor.java:624)
at java.lang.Thread.run(Thread.java:748)
]]>
            </full-stacktrace>
          </exception> <!-- java.lang.AssertionError -->
          <reporter-output>
          </reporter-output>
        </test-method> <!-- returnCheckoutTest -->
        <test-method status="PASS" signature="afterClass()[pri:0, instance:FactoryRunners.CheckoutRunner@3571b748]" name="afterClass" is-config="true" duration-ms="3257" started-at="2021-04-03T04:08:20Z" finished-at="2021-04-03T04:08:23Z">
          <reporter-output>
          </reporter-output>
        </test-method> <!-- afterClass -->
      </class> <!-- FactoryRunners.CheckoutRunner -->
      <class name="FactoryRunners.CheckChildRunner">
        <test-method status="PASS" signature="beforeClass(java.lang.String)[pri:0, instance:FactoryRunners.CheckChildRunner@fd07cbb]" name="beforeClass" is-config="true" duration-ms="4359" started-at="2021-04-03T04:06:33Z" finished-at="2021-04-03T04:06:38Z">
          <params>
            <param index="0">
              <value>
                <![CDATA[chrome]]>
              </value>
            </param>
          </params>
          <reporter-output>
          </reporter-output>
        </test-method> <!-- beforeClass -->
        <test-method status="PASS" signature="childTest(java.lang.String, java.lang.String)[pri:0, instance:FactoryRunners.CheckChildRunner@fd07cbb]" name="childTest" duration-ms="11950" started-at="2021-04-03T04:06:38Z" data-provider="dp" finished-at="2021-04-03T04:06:50Z">
          <params>
            <param index="0">
              <value>
                <![CDATA[Age]]>
              </value>
            </param>
            <param index="1">
              <value>
                <![CDATA[Age]]>
              </value>
            </param>
          </params>
          <reporter-output>
          </reporter-output>
        </test-method> <!-- childTest -->
        <test-method status="PASS" signature="childTest(java.lang.String, java.lang.String)[pri:0, instance:FactoryRunners.CheckChildRunner@fd07cbb]" name="childTest" duration-ms="18585" started-at="2021-04-03T04:06:50Z" data-provider="dp" finished-at="2021-04-03T04:07:08Z">
          <params>
            <param index="0">
              <value>
                <![CDATA[2]]>
              </value>
            </param>
            <param index="1">
              <value>
                <![CDATA[Age]]>
              </value>
            </param>
          </params>
          <reporter-output>
          </reporter-output>
        </test-method> <!-- childTest -->
        <test-method status="PASS" signature="childTest(java.lang.String, java.lang.String)[pri:0, instance:FactoryRunners.CheckChildRunner@fd07cbb]" name="childTest" duration-ms="21188" started-at="2021-04-03T04:07:08Z" data-provider="dp" finished-at="2021-04-03T04:07:29Z">
          <params>
            <param index="0">
              <value>
                <![CDATA[3]]>
              </value>
            </param>
            <param index="1">
              <value>
                <![CDATA[3]]>
              </value>
            </param>
          </params>
          <reporter-output>
          </reporter-output>
        </test-method> <!-- childTest -->
        <test-method status="PASS" signature="afterClass()[pri:0, instance:FactoryRunners.CheckChildRunner@fd07cbb]" name="afterClass" is-config="true" duration-ms="2804" started-at="2021-04-03T04:07:29Z" finished-at="2021-04-03T04:07:32Z">
          <reporter-output>
          </reporter-output>
        </test-method> <!-- afterClass -->
      </class> <!-- FactoryRunners.CheckChildRunner -->
      <class name="FactoryRunners.SearchingFlightsRunner">
        <test-method status="PASS" signature="beforeClass(java.lang.String)[pri:0, instance:FactoryRunners.SearchingFlightsRunner@3e96bacf]" name="beforeClass" is-config="true" duration-ms="4211" started-at="2021-04-03T04:08:23Z" finished-at="2021-04-03T04:08:27Z">
          <params>
            <param index="0">
              <value>
                <![CDATA[chrome]]>
              </value>
            </param>
          </params>
          <reporter-output>
          </reporter-output>
        </test-method> <!-- beforeClass -->
        <test-method status="PASS" signature="oneWaySearching(java.lang.String, java.lang.String, java.lang.String)[pri:1, instance:FactoryRunners.SearchingFlightsRunner@3e96bacf]" name="oneWaySearching" duration-ms="28545" started-at="2021-04-03T04:08:27Z" data-provider="searchOneWayDP" finished-at="2021-04-03T04:08:56Z">
          <params>
            <param index="0">
              <value>
                <![CDATA[Mumbai]]>
              </value>
            </param>
            <param index="1">
              <value>
                <![CDATA[Bengarlu]]>
              </value>
            </param>
            <param index="2">
              <value>
                <![CDATA[14 April 2021]]>
              </value>
            </param>
          </params>
          <reporter-output>
          </reporter-output>
        </test-method> <!-- oneWaySearching -->
        <test-method status="PASS" signature="oneWaySearching(java.lang.String, java.lang.String, java.lang.String)[pri:1, instance:FactoryRunners.SearchingFlightsRunner@3e96bacf]" name="oneWaySearching" duration-ms="25651" started-at="2021-04-03T04:08:56Z" data-provider="searchOneWayDP" finished-at="2021-04-03T04:09:21Z">
          <params>
            <param index="0">
              <value>
                <![CDATA[Delhi]]>
              </value>
            </param>
            <param index="1">
              <value>
                <![CDATA[Goa]]>
              </value>
            </param>
            <param index="2">
              <value>
                <![CDATA[15 April 2021]]>
              </value>
            </param>
          </params>
          <reporter-output>
          </reporter-output>
        </test-method> <!-- oneWaySearching -->
        <test-method status="PASS" signature="oneWaySearching(java.lang.String, java.lang.String, java.lang.String)[pri:1, instance:FactoryRunners.SearchingFlightsRunner@3e96bacf]" name="oneWaySearching" duration-ms="9696" started-at="2021-04-03T04:09:21Z" data-provider="searchOneWayDP" finished-at="2021-04-03T04:09:31Z">
          <params>
            <param index="0">
              <value>
                <![CDATA[Mumbai]]>
              </value>
            </param>
            <param index="1">
              <value>
                <![CDATA[Mumbai]]>
              </value>
            </param>
            <param index="2">
              <value>
                <![CDATA[16 August 2021]]>
              </value>
            </param>
          </params>
          <reporter-output>
          </reporter-output>
        </test-method> <!-- oneWaySearching -->
        <test-method status="PASS" signature="returnSearching(java.lang.String, java.lang.String, java.lang.String, java.lang.String)[pri:2, instance:FactoryRunners.SearchingFlightsRunner@3e96bacf]" name="returnSearching" duration-ms="23727" started-at="2021-04-03T04:09:31Z" data-provider="searchReturnDP" finished-at="2021-04-03T04:09:55Z">
          <params>
            <param index="0">
              <value>
                <![CDATA[Mumbai]]>
              </value>
            </param>
            <param index="1">
              <value>
                <![CDATA[Bengarlu]]>
              </value>
            </param>
            <param index="2">
              <value>
                <![CDATA[13 April 2021]]>
              </value>
            </param>
            <param index="3">
              <value>
                <![CDATA[14 April 2021]]>
              </value>
            </param>
          </params>
          <reporter-output>
          </reporter-output>
        </test-method> <!-- returnSearching -->
        <test-method status="PASS" signature="returnSearching(java.lang.String, java.lang.String, java.lang.String, java.lang.String)[pri:2, instance:FactoryRunners.SearchingFlightsRunner@3e96bacf]" name="returnSearching" duration-ms="11536" started-at="2021-04-03T04:09:55Z" data-provider="searchReturnDP" finished-at="2021-04-03T04:10:06Z">
          <params>
            <param index="0">
              <value>
                <![CDATA[Delhi]]>
              </value>
            </param>
            <param index="1">
              <value>
                <![CDATA[Delhi]]>
              </value>
            </param>
            <param index="2">
              <value>
                <![CDATA[12 April 2021]]>
              </value>
            </param>
            <param index="3">
              <value>
                <![CDATA[13 April 2021]]>
              </value>
            </param>
          </params>
          <reporter-output>
          </reporter-output>
        </test-method> <!-- returnSearching -->
        <test-method status="PASS" signature="returnSearching(java.lang.String, java.lang.String, java.lang.String, java.lang.String)[pri:2, instance:FactoryRunners.SearchingFlightsRunner@3e96bacf]" name="returnSearching" duration-ms="23635" started-at="2021-04-03T04:10:06Z" data-provider="searchReturnDP" finished-at="2021-04-03T04:10:30Z">
          <params>
            <param index="0">
              <value>
                <![CDATA[Delhi]]>
              </value>
            </param>
            <param index="1">
              <value>
                <![CDATA[Goa]]>
              </value>
            </param>
            <param index="2">
              <value>
                <![CDATA[12 August 2021]]>
              </value>
            </param>
            <param index="3">
              <value>
                <![CDATA[13 August 2021]]>
              </value>
            </param>
          </params>
          <reporter-output>
          </reporter-output>
        </test-method> <!-- returnSearching -->
        <test-method status="PASS" signature="multiSearching(java.lang.String, java.lang.String, java.lang.String, java.lang.String, java.lang.String, java.lang.String)[pri:3, instance:FactoryRunners.SearchingFlightsRunner@3e96bacf]" name="multiSearching" duration-ms="30585" started-at="2021-04-03T04:10:30Z" data-provider="searchMultiDP" finished-at="2021-04-03T04:11:00Z">
          <params>
            <param index="0">
              <value>
                <![CDATA[Goa]]>
              </value>
            </param>
            <param index="1">
              <value>
                <![CDATA[Delhi]]>
              </value>
            </param>
            <param index="2">
              <value>
                <![CDATA[29 May 2021]]>
              </value>
            </param>
            <param index="3">
              <value>
                <![CDATA[Delhi]]>
              </value>
            </param>
            <param index="4">
              <value>
                <![CDATA[Pune]]>
              </value>
            </param>
            <param index="5">
              <value>
                <![CDATA[30 May 2021]]>
              </value>
            </param>
          </params>
          <reporter-output>
          </reporter-output>
        </test-method> <!-- multiSearching -->
        <test-method status="PASS" signature="multiSearching(java.lang.String, java.lang.String, java.lang.String, java.lang.String, java.lang.String, java.lang.String)[pri:3, instance:FactoryRunners.SearchingFlightsRunner@3e96bacf]" name="multiSearching" duration-ms="27105" started-at="2021-04-03T04:11:00Z" data-provider="searchMultiDP" finished-at="2021-04-03T04:11:27Z">
          <params>
            <param index="0">
              <value>
                <![CDATA[Goa]]>
              </value>
            </param>
            <param index="1">
              <value>
                <![CDATA[Delhi]]>
              </value>
            </param>
            <param index="2">
              <value>
                <![CDATA[15 April 2021]]>
              </value>
            </param>
            <param index="3">
              <value>
                <![CDATA[Delhi]]>
              </value>
            </param>
            <param index="4">
              <value>
                <![CDATA[Pune]]>
              </value>
            </param>
            <param index="5">
              <value>
                <![CDATA[14 April 2021]]>
              </value>
            </param>
          </params>
          <reporter-output>
          </reporter-output>
        </test-method> <!-- multiSearching -->
        <test-method status="PASS" signature="multiSearching(java.lang.String, java.lang.String, java.lang.String, java.lang.String, java.lang.String, java.lang.String)[pri:3, instance:FactoryRunners.SearchingFlightsRunner@3e96bacf]" name="multiSearching" duration-ms="30918" started-at="2021-04-03T04:11:27Z" data-provider="searchMultiDP" finished-at="2021-04-03T04:11:58Z">
          <params>
            <param index="0">
              <value>
                <![CDATA[Pune]]>
              </value>
            </param>
            <param index="1">
              <value>
                <![CDATA[Kolkata]]>
              </value>
            </param>
            <param index="2">
              <value>
                <![CDATA[2 August 2021]]>
              </value>
            </param>
            <param index="3">
              <value>
                <![CDATA[Kolkata]]>
              </value>
            </param>
            <param index="4">
              <value>
                <![CDATA[Delhi]]>
              </value>
            </param>
            <param index="5">
              <value>
                <![CDATA[3 August 2021]]>
              </value>
            </param>
          </params>
          <reporter-output>
          </reporter-output>
        </test-method> <!-- multiSearching -->
        <test-method status="PASS" signature="afterClass()[pri:0, instance:FactoryRunners.SearchingFlightsRunner@3e96bacf]" name="afterClass" is-config="true" duration-ms="2756" started-at="2021-04-03T04:11:58Z" finished-at="2021-04-03T04:12:01Z">
          <reporter-output>
          </reporter-output>
        </test-method> <!-- afterClass -->
      </class> <!-- FactoryRunners.SearchingFlightsRunner -->
      <class name="FactoryRunners.SelectingFlightRunner">
        <test-method status="PASS" signature="beforeClass(java.lang.String)[pri:0, instance:FactoryRunners.SelectingFlightRunner@2b4bac49]" name="beforeClass" is-config="true" duration-ms="4357" started-at="2021-04-03T04:05:07Z" finished-at="2021-04-03T04:05:12Z">
          <params>
            <param index="0">
              <value>
                <![CDATA[chrome]]>
              </value>
            </param>
          </params>
          <reporter-output>
          </reporter-output>
        </test-method> <!-- beforeClass -->
        <test-method status="PASS" signature="multiSelection()[pri:0, instance:FactoryRunners.SelectingFlightRunner@2b4bac49]" name="multiSelection" duration-ms="28587" started-at="2021-04-03T04:05:12Z" finished-at="2021-04-03T04:05:40Z">
          <reporter-output>
          </reporter-output>
        </test-method> <!-- multiSelection -->
        <test-method status="PASS" signature="onewaySelection()[pri:0, instance:FactoryRunners.SelectingFlightRunner@2b4bac49]" name="onewaySelection" duration-ms="21603" started-at="2021-04-03T04:05:40Z" finished-at="2021-04-03T04:06:02Z">
          <reporter-output>
          </reporter-output>
        </test-method> <!-- onewaySelection -->
        <test-method status="PASS" signature="returnSelection()[pri:0, instance:FactoryRunners.SelectingFlightRunner@2b4bac49]" name="returnSelection" duration-ms="28477" started-at="2021-04-03T04:06:02Z" finished-at="2021-04-03T04:06:30Z">
          <reporter-output>
          </reporter-output>
        </test-method> <!-- returnSelection -->
        <test-method status="PASS" signature="afterClass()[pri:0, instance:FactoryRunners.SelectingFlightRunner@2b4bac49]" name="afterClass" is-config="true" duration-ms="2950" started-at="2021-04-03T04:06:30Z" finished-at="2021-04-03T04:06:33Z">
          <reporter-output>
          </reporter-output>
        </test-method> <!-- afterClass -->
      </class> <!-- FactoryRunners.SelectingFlightRunner -->
    </test> <!-- UnitTests -->
  </suite> <!-- Main Suite -->
</testng-results>
