<?xml version="1.0" encoding="UTF-8"?>
<testsuite xmlns:xsi="http://www.w3.org/2001/XMLSchema-instance" xsi:noNamespaceSchemaLocation="https://maven.apache.org/surefire/maven-surefire-plugin/xsd/surefire-test-report.xsd" name="TestSuite" time="416.445" tests="24" errors="0" skipped="0" failures="7">
  <properties>
[...]
</properties>
  <testcase name="multiSelection" classname="FactoryRunners.SelectingFlightRunner" time="11.285"/>
  <testcase name="onewaySelection" classname="FactoryRunners.SelectingFlightRunner" time="21.605"/>
  <testcase name="oneWayFlightBooking" classname="FactoryRunners.SystemTestCasesRunner" time="13.035"/>
  <testcase name="oneWayFlightBooking" classname="FactoryRunners.SystemTestCasesRunner" time="13.474"/>
  <testcase name="returnSelection" classname="FactoryRunners.SelectingFlightRunner" time="28.481"/>
  <testcase name="childTest" classname="FactoryRunners.CheckChildRunner" time="11.952"/>
  <testcase name="childTest" classname="FactoryRunners.CheckChildRunner" time="18.587"/>
  <testcase name="childTest" classname="FactoryRunners.CheckChildRunner" time="21.191"/>
  <testcase name="returnFlighBooking" classname="FactoryRunners.SystemTestCasesRunner" time="26.878">
    <failure message="Fields have changed compared to previous version." type="java.lang.AssertionError">java.lang.AssertionError: Fields have changed compared to previous version.
	at FactoryRunners.SystemTestCasesRunner.returnFlighBooking(SystemTestCasesRunner.java:85)
</failure>
    <system-err><![CDATA[Starting ChromeDriver 89.0.4389.23 (61b08ee2c50024bab004e48d2b1b083cdbdac579-refs/branch-heads/4389@{#294}) on port 31183
Only local connections are allowed.
Please see https://chromedriver.chromium.org/security-considerations for suggestions on keeping ChromeDriver safe.
ChromeDriver was started successfully.
]]></system-err>
  </testcase>
  <testcase name="returnFlighBooking" classname="FactoryRunners.SystemTestCasesRunner" time="27.356">
    <failure message="Fields have changed compared to previous version." type="java.lang.AssertionError">java.lang.AssertionError: Fields have changed compared to previous version.
	at FactoryRunners.SystemTestCasesRunner.returnFlighBooking(SystemTestCasesRunner.java:85)
</failure>
  </testcase>
  <testcase name="OneWayCheckoutTest" classname="FactoryRunners.CheckoutRunner" time="4.257">
    <failure message="Stopper effect observed, Version has changed and as a result unit testing cannot be carried out" type="java.lang.AssertionError">java.lang.AssertionError: Stopper effect observed, Version has changed and as a result unit testing cannot be carried out
	at FactoryRunners.CheckoutRunner.OneWayCheckoutTest(CheckoutRunner.java:27)
</failure>
    <system-out><![CDATA[Returned csv Rows : 1
Mr.
Mathew
Alex
9898989898
2333 3333 3333 3333
02-Feb
2025
123
India
Thane
Thane
Thane
123456
m
1
01-Jan
2000
tejas@gmail.com
Returned onewaybook csv Rows : 1
Mr.
Mathew
Alex
9898989898
2333 3333 3333 3333
02-Feb
2025
123
India
Thane
Thane
Thane
123456
m
01
01-Jan
2000
tejas@gmail.com
Mumbai
Delhi
15 April 2021
Delhi
Goa
16 April 2021
Returned onewaybook csv Rows : 1
Mr.
Mathew
Alex
9898989898
2333 3333 3333 3333
02-Feb
2025
123
India
Thane
Thane
Thane
123456
m
01
01-Jan
2000
tejas@gmail.com
Mumbai
Delhi
15 April 2021
Delhi
Goa
16 April 2021
2
Mumbai (BOM - Chhatrapati Shivaji Intl.)
Maharashtra, India
Search for “Mumbai”
2
2
Mumbai (BOM - Chhatrapati Shivaji Intl.)
Maharashtra, India
Search for “Mumbai”
2
9
Delhi (DEL - Indira Gandhi Intl.)
India
London (YXU - London Intl.)
Near Delhi, Ontario, Canada
Binghamton (BGM - Greater Binghamton)
Near Delhi, New York, United States of America
Monroe (MLU - Monroe Regional)
Near Delhi, Louisiana, United States of America
Los Angeles (QLA - All Airports)
Near Delhi, California, United States of America
Chennai (MAA - Chennai Intl.)
Near Delhi Gate, Walajapet, Tamil Nadu, India
Minneapolis (MSP - All Airports)
Near Delhi, Redwood Falls, Minnesota, United States of America
Delingha (HXD - Delingha)
Haixi Mongol and Tibetan Autonomous Prefecture, Qinghai, China
]]></system-out>
    <system-err><![CDATA[Apr 03, 2021 9:37:36 AM org.openqa.selenium.remote.ProtocolHandshake createSession
INFO: Detected dialect: W3C
]]></system-err>
  </testcase>
  <testcase name="multiCheckoutTest" classname="FactoryRunners.CheckoutRunner" time="7.376">
    <failure message="Stopper effect observed, Version has changed and as a result unit testing cannot be carried out" type="java.lang.AssertionError">java.lang.AssertionError: Stopper effect observed, Version has changed and as a result unit testing cannot be carried out
	at FactoryRunners.CheckoutRunner.multiCheckoutTest(CheckoutRunner.java:118)
</failure>
    <system-out><![CDATA[Returned csv Rows : 1
Mr.
Mathew
Alex
9898989898
2333 3333 3333 3333
02-Feb
2025
123
India
Thane
Thane
Thane
123456
m
1
01-Jan
2000
tejas@gmail.com
Search for “Delhi”
9
9
Delhi (DEL - Indira Gandhi Intl.)
India
London (YXU - London Intl.)
Near Delhi, Ontario, Canada
Binghamton (BGM - Greater Binghamton)
Near Delhi, New York, United States of America
Monroe (MLU - Monroe Regional)
Near Delhi, Louisiana, United States of America
Los Angeles (QLA - All Airports)
Near Delhi, California, United States of America
Chennai (MAA - Chennai Intl.)
Near Delhi Gate, Walajapet, Tamil Nadu, India
Minneapolis (MSP - All Airports)
Near Delhi, Redwood Falls, Minnesota, United States of America
Delingha (HXD - Delingha)
Haixi Mongol and Tibetan Autonomous Prefecture, Qinghai, China
Search for “Delhi”
9
2
Delhi (DEL - Indira Gandhi Intl.)
India
Search for “Delhi (DEL - Indira Gandhi Intl.)Delhi”
2
10
Delhi (DEL - Indira Gandhi Intl.)
India
London (YXU - London Intl.)
Near Delhi, Ontario, Canada
Binghamton (BGM - Greater Binghamton)
Near Delhi, New York, United States of America
Monroe (MLU - Monroe Regional)
Near Delhi, Louisiana, United States of America
Dubuque (DBQ - Dubuque Regional)
Near Delhi, Iowa, United States of America
Cincinnati (CVG - All Airports)
Near Delhi Hills, Cincinnati, Ohio, United States of America
Los Angeles (QLA - All Airports)
Near Delhi, California, United States of America
Minneapolis (MSP - All Airports)
Near Delhi, Redwood Falls, Minnesota, United States of America
Lansing (LAN - Capital Region Intl.)
Near Delhi Charter Township, Michigan, United States of America
Search for “Delhi”
10
11
Goa (GOI - Dabolim)
India
Genoa (GOA - Cristoforo Colombo)
Italy
Prince George (YXS - Prince George)
Near Goat River, British Columbia, Canada
Leeds (LBA - Leeds Bradford)
Near Goathland, Whitby, England, United Kingdom
Naga (WNP - Naga)
Near Goa, Bicol, Philippines
Providence (PVD - T.F. Green)
Near Goat Island, Newport, Rhode Island, United States of America
Ballina (BNK - Ballina-Byron Gateway)
Near Goat Island, New South Wales, Australia
Denpasar (DPS - Ngurah Rai Intl.)
Near Goa Lawah Beach, Dawan, Bali, Indonesia
Toulouse (TLS - Blagnac)
Near Goas, Tarn-et-Garonne, France
Cologne (CGN - All Airports)
Near Biebernheim, Sankt Goar, Rhineland-Palatinate, Germany
Search for “Goa”
11
11
Goa (GOI - Dabolim)
India
Genoa (GOA - Cristoforo Colombo)
Italy
Prince George (YXS - Prince George)
Near Goat River, British Columbia, Canada
Leeds (LBA - Leeds Bradford)
Near Goathland, Whitby, England, United Kingdom
Naga (WNP - Naga)
Near Goa, Bicol, Philippines
Providence (PVD - T.F. Green)
Near Goat Island, Newport, Rhode Island, United States of America
Ballina (BNK - Ballina-Byron Gateway)
Near Goat Island, New South Wales, Australia
Denpasar (DPS - Ngurah Rai Intl.)
Near Goa Lawah Beach, Dawan, Bali, Indonesia
Toulouse (TLS - Blagnac)
Near Goas, Tarn-et-Garonne, France
Cologne (CGN - All Airports)
Near Biebernheim, Sankt Goar, Rhineland-Palatinate, Germany
Search for “Goa”
11
First month is :April 2021
Month is : April Year is : 2021
No need to click
First month is :April 2021
Month is : April Year is : 2021
No need to click
]]></system-out>
  </testcase>
  <testcase name="returnCheckoutTest" classname="FactoryRunners.CheckoutRunner" time="18.39">
    <failure message="Stopper effect observed, Version has changed and as a result unit testing cannot be carried out" type="java.lang.AssertionError">java.lang.AssertionError: Stopper effect observed, Version has changed and as a result unit testing cannot be carried out
	at FactoryRunners.CheckoutRunner.returnCheckoutTest(CheckoutRunner.java:72)
</failure>
    <system-out><![CDATA[Returned csv Rows : 1
Mr.
Mathew
Alex
9898989898
2333 3333 3333 3333
02-Feb
2025
123
India
Thane
Thane
Thane
123456
m
1
01-Jan
2000
tejas@gmail.com
First month is :April 2021
Month is : April Year is : 2021
No need to click
First month is :April 2021
Month is : April Year is : 2021
No need to click
]]></system-out>
  </testcase>
  <testcase name="multiCityBooking" classname="FactoryRunners.SystemTestCasesRunner" time="19.2">
    <failure message="Fields have changed compared to previous version." type="java.lang.AssertionError">java.lang.AssertionError: Fields have changed compared to previous version.
	at FactoryRunners.SystemTestCasesRunner.multiCityBooking(SystemTestCasesRunner.java:106)
</failure>
    <system-out><![CDATA[One way csv rows3
2
Mumbai (BOM - Chhatrapati Shivaji Intl.)
Maharashtra, India
Search for “Mumbai”
2
6
Bengaluru (BLR - Kempegowda Intl.)
Karnataka, India
Kolkata (CCU - Netaji Subhash Chandra Bose Intl.)
West Bengal, India
Bagdogra (IXB - Bagdogra)
Near Darjiling, West Bengal, India
Bengkulu (BKS - Fatmawati Soekarno)
Bengkulu, Indonesia
Durgapur (RDP - Kazi Nazrul Islam)
Near Asansol, West Bengal, India
Search for “Bengarlu”
6
First month is :April 2021
Month is : April Year is : 2021
No need to click
]]></system-out>
    <system-err><![CDATA[Starting ChromeDriver 89.0.4389.23 (61b08ee2c50024bab004e48d2b1b083cdbdac579-refs/branch-heads/4389@{#294}) on port 20204
Only local connections are allowed.
Please see https://chromedriver.chromium.org/security-considerations for suggestions on keeping ChromeDriver safe.
ChromeDriver was started successfully.
Apr 03, 2021 9:38:27 AM org.openqa.selenium.remote.ProtocolHandshake createSession
INFO: Detected dialect: W3C
]]></system-err>
  </testcase>
  <testcase name="multiCityBooking" classname="FactoryRunners.SystemTestCasesRunner" time="19.569">
    <failure message="Fields have changed compared to previous version." type="java.lang.AssertionError">java.lang.AssertionError: Fields have changed compared to previous version.
	at FactoryRunners.SystemTestCasesRunner.multiCityBooking(SystemTestCasesRunner.java:106)
</failure>
  </testcase>
  <testcase name="oneWaySearching" classname="FactoryRunners.SearchingFlightsRunner" time="28.549"/>
  <testcase name="oneWaySearching" classname="FactoryRunners.SearchingFlightsRunner" time="25.653"/>
  <testcase name="oneWaySearching" classname="FactoryRunners.SearchingFlightsRunner" time="9.697"/>
  <testcase name="returnSearching" classname="FactoryRunners.SearchingFlightsRunner" time="23.729"/>
  <testcase name="returnSearching" classname="FactoryRunners.SearchingFlightsRunner" time="11.537"/>
  <testcase name="returnSearching" classname="FactoryRunners.SearchingFlightsRunner" time="23.636"/>
  <testcase name="multiSearching" classname="FactoryRunners.SearchingFlightsRunner" time="30.587"/>
  <testcase name="multiSearching" classname="FactoryRunners.SearchingFlightsRunner" time="27.107"/>
  <testcase name="multiSearching" classname="FactoryRunners.SearchingFlightsRunner" time="30.92"/>
</testsuite>