<?xml version="1.0" encoding="UTF-8"?>
<!-- Generated by org.testng.reporters.JUnitXMLReporter -->
<testsuite ignored="0" hostname="sword" failures="2" tests="3" name="ChromeTest" time="216.891" errors="0" timestamp="03 Apr 2021 05:52:25 GMT">
  <testcase classname="FactoryRunners.SystemTestCasesRunner" name="oneWayFlightBooking" time="54.552"/>
  <testcase classname="FactoryRunners.SystemTestCasesRunner" name="returnFlighBooking" time="53.124">
    <failure type="java.lang.AssertionError" message="Fields have changed compared to previous version.">
      <![CDATA[java.lang.AssertionError: Fields have changed compared to previous version.
at FactoryRunners.SystemTestCasesRunner.returnFlighBooking(SystemTestCasesRunner.java:85)
at java.base/java.util.concurrent.FutureTask.run(FutureTask.java:264)
at java.base/java.util.concurrent.ThreadPoolExecutor.runWorker(ThreadPoolExecutor.java:1130)
at java.base/java.util.concurrent.ThreadPoolExecutor$Worker.run(ThreadPoolExecutor.java:630)
at java.base/java.lang.Thread.run(Thread.java:832)
... Removed 17 stack frames]]>
    </failure>
  </testcase> <!-- returnFlighBooking -->
  <testcase classname="FactoryRunners.SystemTestCasesRunner" name="multiCityBooking" time="50.226">
    <failure type="java.lang.AssertionError" message="Fields have changed compared to previous version.">
      <![CDATA[java.lang.AssertionError: Fields have changed compared to previous version.
at FactoryRunners.SystemTestCasesRunner.multiCityBooking(SystemTestCasesRunner.java:106)
at java.base/java.util.concurrent.FutureTask.run(FutureTask.java:264)
at java.base/java.util.concurrent.ThreadPoolExecutor.runWorker(ThreadPoolExecutor.java:1130)
at java.base/java.util.concurrent.ThreadPoolExecutor$Worker.run(ThreadPoolExecutor.java:630)
at java.base/java.lang.Thread.run(Thread.java:832)
... Removed 17 stack frames]]>
    </failure>
  </testcase> <!-- multiCityBooking -->
</testsuite> <!-- ChromeTest -->
