<?xml version="1.0" encoding="UTF-8"?>
<!-- Generated by org.testng.reporters.JUnitXMLReporter -->
<testsuite ignored="0" hostname="sword" failures="3" tests="18" name="UnitTests" time="399.98" errors="0" timestamp="03 Apr 2021 05:55:28 GMT">
  <testcase classname="FactoryRunners.SelectingFlightRunner" name="multiSelection" time="30.987"/>
  <testcase classname="FactoryRunners.SelectingFlightRunner" name="onewaySelection" time="20.617"/>
  <testcase classname="FactoryRunners.SelectingFlightRunner" name="returnSelection" time="34.675"/>
  <testcase classname="FactoryRunners.CheckChildRunner" name="childTest" time="5.899"/>
  <testcase classname="FactoryRunners.CheckChildRunner" name="childTest" time="6.543"/>
  <testcase classname="FactoryRunners.CheckChildRunner" name="childTest" time="18.747"/>
  <testcase classname="FactoryRunners.CheckoutRunner" name="OneWayCheckoutTest" time="22.278">
    <failure type="java.lang.AssertionError" message="Stopper effect observed, Version has changed and as a result unit testing cannot be carried out">
      <![CDATA[java.lang.AssertionError: Stopper effect observed, Version has changed and as a result unit testing cannot be carried out
at FactoryRunners.CheckoutRunner.OneWayCheckoutTest(CheckoutRunner.java:27)
at java.base/java.util.concurrent.FutureTask.run(FutureTask.java:264)
at java.base/java.util.concurrent.ThreadPoolExecutor.runWorker(ThreadPoolExecutor.java:1130)
at java.base/java.util.concurrent.ThreadPoolExecutor$Worker.run(ThreadPoolExecutor.java:630)
at java.base/java.lang.Thread.run(Thread.java:832)
... Removed 17 stack frames]]>
    </failure>
  </testcase> <!-- OneWayCheckoutTest -->
  <testcase classname="FactoryRunners.CheckoutRunner" name="multiCheckoutTest" time="6.296">
    <failure type="java.lang.AssertionError" message="Stopper effect observed, Version has changed and as a result unit testing cannot be carried out">
      <![CDATA[java.lang.AssertionError: Stopper effect observed, Version has changed and as a result unit testing cannot be carried out
at FactoryRunners.CheckoutRunner.multiCheckoutTest(CheckoutRunner.java:118)
at java.base/java.util.concurrent.FutureTask.run(FutureTask.java:264)
at java.base/java.util.concurrent.ThreadPoolExecutor.runWorker(ThreadPoolExecutor.java:1130)
at java.base/java.util.concurrent.ThreadPoolExecutor$Worker.run(ThreadPoolExecutor.java:630)
at java.base/java.lang.Thread.run(Thread.java:832)
... Removed 17 stack frames]]>
    </failure>
  </testcase> <!-- multiCheckoutTest -->
  <testcase classname="FactoryRunners.CheckoutRunner" name="returnCheckoutTest" time="17.9">
    <failure type="java.lang.AssertionError" message="Stopper effect observed, Version has changed and as a result unit testing cannot be carried out">
      <![CDATA[java.lang.AssertionError: Stopper effect observed, Version has changed and as a result unit testing cannot be carried out
at FactoryRunners.CheckoutRunner.returnCheckoutTest(CheckoutRunner.java:72)
at java.base/java.util.concurrent.FutureTask.run(FutureTask.java:264)
at java.base/java.util.concurrent.ThreadPoolExecutor.runWorker(ThreadPoolExecutor.java:1130)
at java.base/java.util.concurrent.ThreadPoolExecutor$Worker.run(ThreadPoolExecutor.java:630)
at java.base/java.lang.Thread.run(Thread.java:832)
... Removed 17 stack frames]]>
    </failure>
  </testcase> <!-- returnCheckoutTest -->
  <testcase classname="FactoryRunners.SearchingFlightsRunner" name="oneWaySearching" time="27.69"/>
  <testcase classname="FactoryRunners.SearchingFlightsRunner" name="oneWaySearching" time="23.11"/>
  <testcase classname="FactoryRunners.SearchingFlightsRunner" name="oneWaySearching" time="9.857"/>
  <testcase classname="FactoryRunners.SearchingFlightsRunner" name="returnSearching" time="23.789"/>
  <testcase classname="FactoryRunners.SearchingFlightsRunner" name="returnSearching" time="11.534"/>
  <testcase classname="FactoryRunners.SearchingFlightsRunner" name="returnSearching" time="23.274"/>
  <testcase classname="FactoryRunners.SearchingFlightsRunner" name="multiSearching" time="30.493"/>
  <testcase classname="FactoryRunners.SearchingFlightsRunner" name="multiSearching" time="28.773"/>
  <testcase classname="FactoryRunners.SearchingFlightsRunner" name="multiSearching" time="28.502"/>
</testsuite> <!-- UnitTests -->
