<?xml version="1.0" encoding="UTF-8"?>
<!-- Generated by org.testng.reporters.JUnitXMLReporter -->
<testsuite ignored="0" hostname="sword" failures="0" tests="3" name="FireFoxTest" time="0.218" errors="0" timestamp="31 Mar 2021 12:24:27 GMT">
  <testcase classname="Helpers.BaseClass" name="@BeforeClass beforeClass" time="0.015">
    <failure type="java.lang.NullPointerException" message="Cannot invoke &amp;quot;String.equalsIgnoreCase(String)&amp;quot; because &amp;quot;browser&amp;quot; is null">
      <![CDATA[java.lang.NullPointerException: Cannot invoke "String.equalsIgnoreCase(String)" because "browser" is null
at Helpers.HelperFunctions.startBrowser(HelperFunctions.java:17)
at Helpers.BaseClass.beforeClass(BaseClass.java:26)
at java.base/java.util.concurrent.FutureTask.run(FutureTask.java:264)
at java.base/java.util.concurrent.ThreadPoolExecutor.runWorker(ThreadPoolExecutor.java:1130)
at java.base/java.util.concurrent.ThreadPoolExecutor$Worker.run(ThreadPoolExecutor.java:630)
at java.base/java.lang.Thread.run(Thread.java:832)
... Removed 17 stack frames]]>
    </failure>
  </testcase> <!-- @BeforeClass beforeClass -->
  <testcase classname="Helpers.BaseClass" name="@BeforeClass beforeClass" time="0.015">
    <failure type="java.lang.NullPointerException" message="Cannot invoke &amp;quot;String.equalsIgnoreCase(String)&amp;quot; because &amp;quot;browser&amp;quot; is null">
      <![CDATA[java.lang.NullPointerException: Cannot invoke "String.equalsIgnoreCase(String)" because "browser" is null
at Helpers.HelperFunctions.startBrowser(HelperFunctions.java:17)
at Helpers.BaseClass.beforeClass(BaseClass.java:26)
at java.base/java.util.concurrent.FutureTask.run(FutureTask.java:264)
at java.base/java.util.concurrent.ThreadPoolExecutor.runWorker(ThreadPoolExecutor.java:1130)
at java.base/java.util.concurrent.ThreadPoolExecutor$Worker.run(ThreadPoolExecutor.java:630)
at java.base/java.lang.Thread.run(Thread.java:832)
... Removed 17 stack frames]]>
    </failure>
  </testcase> <!-- @BeforeClass beforeClass -->
  <testcase classname="Helpers.BaseClass" name="@AfterClass afterClass" time="0.0">
    <skipped/>
  </testcase> <!-- @AfterClass afterClass -->
  <testcase classname="Helpers.BaseClass" name="@AfterClass afterClass" time="0.0">
    <skipped/>
  </testcase> <!-- @AfterClass afterClass -->
  <testcase classname="FactoryRunners.SystemTestCasesRunner" name="multiCityBooking" time="0.0">
    <skipped/>
  </testcase> <!-- multiCityBooking -->
  <testcase classname="FactoryRunners.SystemTestCasesRunner" name="oneWayFlightBooking" time="0.0">
    <skipped/>
  </testcase> <!-- oneWayFlightBooking -->
  <testcase classname="FactoryRunners.SystemTestCasesRunner" name="returnFlighBooking" time="0.0">
    <skipped/>
  </testcase> <!-- returnFlighBooking -->
</testsuite> <!-- FireFoxTest -->
