<?xml version="1.0" encoding="UTF-8"?>
<!-- Generated by org.testng.reporters.JUnitXMLReporter -->
<testsuite hostname="sword" ignored="0" name="UnitTests" tests="18" failures="3" timestamp="03 Apr 2021 04:12:01 GMT" time="413.86" errors="0">
  <testcase name="multiSelection" time="28.587" classname="FactoryRunners.SelectingFlightRunner"/>
  <testcase name="onewaySelection" time="21.603" classname="FactoryRunners.SelectingFlightRunner"/>
  <testcase name="returnSelection" time="28.477" classname="FactoryRunners.SelectingFlightRunner"/>
  <testcase name="childTest" time="11.95" classname="FactoryRunners.CheckChildRunner"/>
  <testcase name="childTest" time="18.585" classname="FactoryRunners.CheckChildRunner"/>
  <testcase name="childTest" time="21.188" classname="FactoryRunners.CheckChildRunner"/>
  <testcase name="OneWayCheckoutTest" time="17.552" classname="FactoryRunners.CheckoutRunner">
    <failure type="java.lang.AssertionError" message="Stopper effect observed, Version has changed and as a result unit testing cannot be carried out">
      <![CDATA[java.lang.AssertionError: Stopper effect observed, Version has changed and as a result unit testing cannot be carried out
at FactoryRunners.CheckoutRunner.OneWayCheckoutTest(CheckoutRunner.java:27)
at java.util.concurrent.FutureTask.run(FutureTask.java:266)
at java.util.concurrent.ThreadPoolExecutor.runWorker(ThreadPoolExecutor.java:1149)
at java.util.concurrent.ThreadPoolExecutor$Worker.run(ThreadPoolExecutor.java:624)
at java.lang.Thread.run(Thread.java:748)
... Removed 17 stack frames]]>
    </failure>
  </testcase> <!-- OneWayCheckoutTest -->
  <testcase name="multiCheckoutTest" time="7.372" classname="FactoryRunners.CheckoutRunner">
    <failure type="java.lang.AssertionError" message="Stopper effect observed, Version has changed and as a result unit testing cannot be carried out">
      <![CDATA[java.lang.AssertionError: Stopper effect observed, Version has changed and as a result unit testing cannot be carried out
at FactoryRunners.CheckoutRunner.multiCheckoutTest(CheckoutRunner.java:118)
at java.util.concurrent.FutureTask.run(FutureTask.java:266)
at java.util.concurrent.ThreadPoolExecutor.runWorker(ThreadPoolExecutor.java:1149)
at java.util.concurrent.ThreadPoolExecutor$Worker.run(ThreadPoolExecutor.java:624)
at java.lang.Thread.run(Thread.java:748)
... Removed 17 stack frames]]>
    </failure>
  </testcase> <!-- multiCheckoutTest -->
  <testcase name="returnCheckoutTest" time="18.387" classname="FactoryRunners.CheckoutRunner">
    <failure type="java.lang.AssertionError" message="Stopper effect observed, Version has changed and as a result unit testing cannot be carried out">
      <![CDATA[java.lang.AssertionError: Stopper effect observed, Version has changed and as a result unit testing cannot be carried out
at FactoryRunners.CheckoutRunner.returnCheckoutTest(CheckoutRunner.java:72)
at java.util.concurrent.FutureTask.run(FutureTask.java:266)
at java.util.concurrent.ThreadPoolExecutor.runWorker(ThreadPoolExecutor.java:1149)
at java.util.concurrent.ThreadPoolExecutor$Worker.run(ThreadPoolExecutor.java:624)
at java.lang.Thread.run(Thread.java:748)
... Removed 17 stack frames]]>
    </failure>
  </testcase> <!-- returnCheckoutTest -->
  <testcase name="oneWaySearching" time="28.545" classname="FactoryRunners.SearchingFlightsRunner"/>
  <testcase name="oneWaySearching" time="25.651" classname="FactoryRunners.SearchingFlightsRunner"/>
  <testcase name="oneWaySearching" time="9.696" classname="FactoryRunners.SearchingFlightsRunner"/>
  <testcase name="returnSearching" time="23.727" classname="FactoryRunners.SearchingFlightsRunner"/>
  <testcase name="returnSearching" time="11.536" classname="FactoryRunners.SearchingFlightsRunner"/>
  <testcase name="returnSearching" time="23.635" classname="FactoryRunners.SearchingFlightsRunner"/>
  <testcase name="multiSearching" time="30.585" classname="FactoryRunners.SearchingFlightsRunner"/>
  <testcase name="multiSearching" time="27.105" classname="FactoryRunners.SearchingFlightsRunner"/>
  <testcase name="multiSearching" time="30.918" classname="FactoryRunners.SearchingFlightsRunner"/>
</testsuite> <!-- UnitTests -->
