<?xml version="1.0" encoding="UTF-8"?>
<testng-results ignored="0" total="28" passed="21" failed="7" skipped="0">
  <reporter-output>
  </reporter-output>
  <suite started-at="2021-04-03T05:48:48Z" name="Main Suite" finished-at="2021-04-03T05:55:28Z" duration-ms="399980">
    <groups>
    </groups>
    <test started-at="2021-04-03T05:48:48Z" name="NonFunctionalTest" finished-at="2021-04-03T05:49:09Z" duration-ms="20679">
      <class name="FactoryRunners.NonFunctional">
        <test-method is-config="true" signature="beforeClass(java.lang.String)[pri:0, instance:FactoryRunners.NonFunctional@a4ca3f6]" started-at="2021-04-03T05:48:48Z" name="beforeClass" finished-at="2021-04-03T05:48:53Z" duration-ms="5020" status="PASS">
          <params>
            <param index="0">
              <value>
                <![CDATA[chrome]]>
              </value>
            </param>
          </params>
          <reporter-output>
          </reporter-output>
        </test-method> <!-- beforeClass -->
        <test-method signature="buttonColorTest(org.openqa.selenium.WebElement, java.lang.String, java.lang.String)[pri:0, instance:FactoryRunners.NonFunctional@a4ca3f6]" started-at="2021-04-03T05:49:05Z" name="buttonColorTest" data-provider="dp" finished-at="2021-04-03T05:49:05Z" duration-ms="122" status="PASS">
          <params>
            <param index="0">
              <value>
                <![CDATA[[[ChromeDriver: chrome on WINDOWS (32032ce1690150bb9fdc7dfb7e7678e9)] -> xpath: //*[text()='Search']]]]>
              </value>
            </param>
            <param index="1">
              <value>
                <![CDATA[#005aeb]]>
              </value>
            </param>
            <param index="2">
              <value>
                <![CDATA[background-color]]>
              </value>
            </param>
          </params>
          <reporter-output>
          </reporter-output>
        </test-method> <!-- buttonColorTest -->
        <test-method signature="buttonColorTest(org.openqa.selenium.WebElement, java.lang.String, java.lang.String)[pri:0, instance:FactoryRunners.NonFunctional@a4ca3f6]" started-at="2021-04-03T05:49:05Z" name="buttonColorTest" data-provider="dp" finished-at="2021-04-03T05:49:05Z" duration-ms="168" status="PASS">
          <params>
            <param index="0">
              <value>
                <![CDATA[[[ChromeDriver: chrome on WINDOWS (32032ce1690150bb9fdc7dfb7e7678e9)] -> xpath: //*[text()='Sign in']]]]>
              </value>
            </param>
            <param index="1">
              <value>
                <![CDATA[#465280]]>
              </value>
            </param>
            <param index="2">
              <value>
                <![CDATA[color]]>
              </value>
            </param>
          </params>
          <reporter-output>
          </reporter-output>
        </test-method> <!-- buttonColorTest -->
        <test-method signature="buttonColorTest(org.openqa.selenium.WebElement, java.lang.String, java.lang.String)[pri:0, instance:FactoryRunners.NonFunctional@a4ca3f6]" started-at="2021-04-03T05:49:05Z" name="buttonColorTest" data-provider="dp" finished-at="2021-04-03T05:49:06Z" duration-ms="146" status="PASS">
          <params>
            <param index="0">
              <value>
                <![CDATA[[[ChromeDriver: chrome on WINDOWS (32032ce1690150bb9fdc7dfb7e7678e9)] -> xpath: //*[text()='Trips']]]]>
              </value>
            </param>
            <param index="1">
              <value>
                <![CDATA[#465280]]>
              </value>
            </param>
            <param index="2">
              <value>
                <![CDATA[color]]>
              </value>
            </param>
          </params>
          <reporter-output>
          </reporter-output>
        </test-method> <!-- buttonColorTest -->
        <test-method signature="buttonColorTest(org.openqa.selenium.WebElement, java.lang.String, java.lang.String)[pri:0, instance:FactoryRunners.NonFunctional@a4ca3f6]" started-at="2021-04-03T05:49:06Z" name="buttonColorTest" data-provider="dp" finished-at="2021-04-03T05:49:06Z" duration-ms="29" status="PASS">
          <params>
            <param index="0">
              <value>
                <![CDATA[[[ChromeDriver: chrome on WINDOWS (32032ce1690150bb9fdc7dfb7e7678e9)] -> xpath: //*[text()='Support']]]]>
              </value>
            </param>
            <param index="1">
              <value>
                <![CDATA[#465280]]>
              </value>
            </param>
            <param index="2">
              <value>
                <![CDATA[color]]>
              </value>
            </param>
          </params>
          <reporter-output>
          </reporter-output>
        </test-method> <!-- buttonColorTest -->
        <test-method is-config="true" signature="afterClass()[pri:0, instance:FactoryRunners.NonFunctional@a4ca3f6]" started-at="2021-04-03T05:49:06Z" name="afterClass" finished-at="2021-04-03T05:49:09Z" duration-ms="3238" status="PASS">
          <reporter-output>
          </reporter-output>
        </test-method> <!-- afterClass -->
      </class> <!-- FactoryRunners.NonFunctional -->
    </test> <!-- NonFunctionalTest -->
    <test started-at="2021-04-03T05:48:48Z" name="ChromeTest" finished-at="2021-04-03T05:52:25Z" duration-ms="216891">
      <class name="FactoryRunners.SystemTestCasesRunner">
        <test-method is-config="true" signature="beforeClass(java.lang.String)[pri:0, instance:FactoryRunners.SystemTestCasesRunner@5a85c92]" started-at="2021-04-03T05:48:48Z" name="beforeClass" finished-at="2021-04-03T05:48:54Z" duration-ms="5273" status="PASS">
          <params>
            <param index="0">
              <value>
                <![CDATA[chrome]]>
              </value>
            </param>
          </params>
          <reporter-output>
          </reporter-output>
        </test-method> <!-- beforeClass -->
        <test-method is-config="true" signature="beforeMethod()[pri:0, instance:FactoryRunners.SystemTestCasesRunner@5a85c92]" started-at="2021-04-03T05:48:54Z" name="beforeMethod" finished-at="2021-04-03T05:49:05Z" duration-ms="11053" status="PASS">
          <reporter-output>
          </reporter-output>
        </test-method> <!-- beforeMethod -->
        <test-method signature="oneWayFlightBooking(java.lang.String, java.lang.String, java.lang.String, java.lang.String, java.lang.String, java.lang.String, java.lang.String, java.lang.String, java.lang.String, java.lang.String, java.lang.String, java.lang.String, java.lang.String, java.lang.String, java.lang.String, java.lang.String, java.lang.String, java.lang.String, java.lang.String, java.lang.String, java.lang.String)[pri:1, instance:FactoryRunners.SystemTestCasesRunner@5a85c92]" started-at="2021-04-03T05:49:05Z" name="oneWayFlightBooking" data-provider="oneWayDP" finished-at="2021-04-03T05:49:59Z" duration-ms="54552" status="PASS">
          <params>
            <param index="0">
              <value>
                <![CDATA[Mr.]]>
              </value>
            </param>
            <param index="1">
              <value>
                <![CDATA[Mathew]]>
              </value>
            </param>
            <param index="2">
              <value>
                <![CDATA[Alex]]>
              </value>
            </param>
            <param index="3">
              <value>
                <![CDATA[9898989898]]>
              </value>
            </param>
            <param index="4">
              <value>
                <![CDATA[2333 3333 3333 3333]]>
              </value>
            </param>
            <param index="5">
              <value>
                <![CDATA[02-Feb]]>
              </value>
            </param>
            <param index="6">
              <value>
                <![CDATA[2025]]>
              </value>
            </param>
            <param index="7">
              <value>
                <![CDATA[123]]>
              </value>
            </param>
            <param index="8">
              <value>
                <![CDATA[India]]>
              </value>
            </param>
            <param index="9">
              <value>
                <![CDATA[Thane]]>
              </value>
            </param>
            <param index="10">
              <value>
                <![CDATA[Thane]]>
              </value>
            </param>
            <param index="11">
              <value>
                <![CDATA[Thane]]>
              </value>
            </param>
            <param index="12">
              <value>
                <![CDATA[123456]]>
              </value>
            </param>
            <param index="13">
              <value>
                <![CDATA[m]]>
              </value>
            </param>
            <param index="14">
              <value>
                <![CDATA[01]]>
              </value>
            </param>
            <param index="15">
              <value>
                <![CDATA[01-Jan]]>
              </value>
            </param>
            <param index="16">
              <value>
                <![CDATA[2000]]>
              </value>
            </param>
            <param index="17">
              <value>
                <![CDATA[tejas@gmail.com]]>
              </value>
            </param>
            <param index="18">
              <value>
                <![CDATA[Mumbai]]>
              </value>
            </param>
            <param index="19">
              <value>
                <![CDATA[Delhi]]>
              </value>
            </param>
            <param index="20">
              <value>
                <![CDATA[15 April 2021]]>
              </value>
            </param>
          </params>
          <reporter-output>
          </reporter-output>
        </test-method> <!-- oneWayFlightBooking -->
        <test-method is-config="true" signature="afterMethod()[pri:0, instance:FactoryRunners.SystemTestCasesRunner@5a85c92]" started-at="2021-04-03T05:49:59Z" name="afterMethod" finished-at="2021-04-03T05:50:10Z" duration-ms="10153" status="PASS">
          <reporter-output>
          </reporter-output>
        </test-method> <!-- afterMethod -->
        <test-method is-config="true" signature="beforeMethod()[pri:0, instance:FactoryRunners.SystemTestCasesRunner@5a85c92]" started-at="2021-04-03T05:50:10Z" name="beforeMethod" finished-at="2021-04-03T05:50:14Z" duration-ms="4686" status="PASS">
          <reporter-output>
          </reporter-output>
        </test-method> <!-- beforeMethod -->
        <test-method signature="returnFlighBooking(java.lang.String, java.lang.String, java.lang.String, java.lang.String, java.lang.String, java.lang.String, java.lang.String, java.lang.String, java.lang.String, java.lang.String, java.lang.String, java.lang.String, java.lang.String, java.lang.String, java.lang.String, java.lang.String, java.lang.String, java.lang.String, java.lang.String, java.lang.String, java.lang.String, java.lang.String)[pri:2, instance:FactoryRunners.SystemTestCasesRunner@5a85c92]" started-at="2021-04-03T05:50:14Z" name="returnFlighBooking" data-provider="returnDP" finished-at="2021-04-03T05:51:07Z" duration-ms="53124" status="FAIL">
          <params>
            <param index="0">
              <value>
                <![CDATA[Mr.]]>
              </value>
            </param>
            <param index="1">
              <value>
                <![CDATA[Mathew]]>
              </value>
            </param>
            <param index="2">
              <value>
                <![CDATA[Alex]]>
              </value>
            </param>
            <param index="3">
              <value>
                <![CDATA[9898989898]]>
              </value>
            </param>
            <param index="4">
              <value>
                <![CDATA[2333 3333 3333 3333]]>
              </value>
            </param>
            <param index="5">
              <value>
                <![CDATA[02-Feb]]>
              </value>
            </param>
            <param index="6">
              <value>
                <![CDATA[2025]]>
              </value>
            </param>
            <param index="7">
              <value>
                <![CDATA[123]]>
              </value>
            </param>
            <param index="8">
              <value>
                <![CDATA[India]]>
              </value>
            </param>
            <param index="9">
              <value>
                <![CDATA[Thane]]>
              </value>
            </param>
            <param index="10">
              <value>
                <![CDATA[Thane]]>
              </value>
            </param>
            <param index="11">
              <value>
                <![CDATA[Thane]]>
              </value>
            </param>
            <param index="12">
              <value>
                <![CDATA[123456]]>
              </value>
            </param>
            <param index="13">
              <value>
                <![CDATA[m]]>
              </value>
            </param>
            <param index="14">
              <value>
                <![CDATA[01]]>
              </value>
            </param>
            <param index="15">
              <value>
                <![CDATA[01-Jan]]>
              </value>
            </param>
            <param index="16">
              <value>
                <![CDATA[2000]]>
              </value>
            </param>
            <param index="17">
              <value>
                <![CDATA[tejas@gmail.com]]>
              </value>
            </param>
            <param index="18">
              <value>
                <![CDATA[Mumbai]]>
              </value>
            </param>
            <param index="19">
              <value>
                <![CDATA[Delhi]]>
              </value>
            </param>
            <param index="20">
              <value>
                <![CDATA[15 April 2021]]>
              </value>
            </param>
            <param index="21">
              <value>
                <![CDATA[18 April 2021]]>
              </value>
            </param>
          </params>
          <exception class="java.lang.AssertionError">
            <message>
              <![CDATA[Fields have changed compared to previous version.]]>
            </message>
            <full-stacktrace>
              <![CDATA[java.lang.AssertionError: Fields have changed compared to previous version.
at org.testng.Assert.fail(Assert.java:96)
at FactoryRunners.SystemTestCasesRunner.returnFlighBooking(SystemTestCasesRunner.java:85)
at java.base/jdk.internal.reflect.NativeMethodAccessorImpl.invoke0(Native Method)
at java.base/jdk.internal.reflect.NativeMethodAccessorImpl.invoke(NativeMethodAccessorImpl.java:64)
at java.base/jdk.internal.reflect.DelegatingMethodAccessorImpl.invoke(DelegatingMethodAccessorImpl.java:43)
at java.base/java.lang.reflect.Method.invoke(Method.java:564)
at org.testng.internal.MethodInvocationHelper.invokeMethod(MethodInvocationHelper.java:124)
at org.testng.internal.Invoker.invokeMethod(Invoker.java:583)
at org.testng.internal.Invoker.invokeTestMethod(Invoker.java:719)
at org.testng.internal.Invoker.invokeTestMethods(Invoker.java:989)
at org.testng.internal.TestMethodWorker.invokeTestMethods(TestMethodWorker.java:125)
at org.testng.internal.TestMethodWorker.run(TestMethodWorker.java:109)
at org.testng.TestRunner.privateRun(TestRunner.java:648)
at org.testng.TestRunner.run(TestRunner.java:505)
at org.testng.SuiteRunner.runTest(SuiteRunner.java:455)
at org.testng.SuiteRunner.access$000(SuiteRunner.java:40)
at org.testng.SuiteRunner$SuiteWorker.run(SuiteRunner.java:489)
at org.testng.internal.thread.ThreadUtil$1.call(ThreadUtil.java:52)
at java.base/java.util.concurrent.FutureTask.run(FutureTask.java:264)
at java.base/java.util.concurrent.ThreadPoolExecutor.runWorker(ThreadPoolExecutor.java:1130)
at java.base/java.util.concurrent.ThreadPoolExecutor$Worker.run(ThreadPoolExecutor.java:630)
at java.base/java.lang.Thread.run(Thread.java:832)
]]>
            </full-stacktrace>
          </exception> <!-- java.lang.AssertionError -->
          <reporter-output>
          </reporter-output>
        </test-method> <!-- returnFlighBooking -->
        <test-method is-config="true" signature="afterMethod()[pri:0, instance:FactoryRunners.SystemTestCasesRunner@5a85c92]" started-at="2021-04-03T05:51:07Z" name="afterMethod" finished-at="2021-04-03T05:51:17Z" duration-ms="10011" status="PASS">
          <reporter-output>
          </reporter-output>
        </test-method> <!-- afterMethod -->
        <test-method is-config="true" signature="beforeMethod()[pri:0, instance:FactoryRunners.SystemTestCasesRunner@5a85c92]" started-at="2021-04-03T05:51:17Z" name="beforeMethod" finished-at="2021-04-03T05:51:22Z" duration-ms="4393" status="PASS">
          <reporter-output>
          </reporter-output>
        </test-method> <!-- beforeMethod -->
        <test-method signature="multiCityBooking(java.lang.String, java.lang.String, java.lang.String, java.lang.String, java.lang.String, java.lang.String, java.lang.String, java.lang.String, java.lang.String, java.lang.String, java.lang.String, java.lang.String, java.lang.String, java.lang.String, java.lang.String, java.lang.String, java.lang.String, java.lang.String, java.lang.String, java.lang.String, java.lang.String, java.lang.String, java.lang.String, java.lang.String)[pri:3, instance:FactoryRunners.SystemTestCasesRunner@5a85c92]" started-at="2021-04-03T05:51:22Z" name="multiCityBooking" data-provider="multiDP" finished-at="2021-04-03T05:52:12Z" duration-ms="50226" status="FAIL">
          <params>
            <param index="0">
              <value>
                <![CDATA[Mr.]]>
              </value>
            </param>
            <param index="1">
              <value>
                <![CDATA[Mathew]]>
              </value>
            </param>
            <param index="2">
              <value>
                <![CDATA[Alex]]>
              </value>
            </param>
            <param index="3">
              <value>
                <![CDATA[9898989898]]>
              </value>
            </param>
            <param index="4">
              <value>
                <![CDATA[2333 3333 3333 3333]]>
              </value>
            </param>
            <param index="5">
              <value>
                <![CDATA[02-Feb]]>
              </value>
            </param>
            <param index="6">
              <value>
                <![CDATA[2025]]>
              </value>
            </param>
            <param index="7">
              <value>
                <![CDATA[123]]>
              </value>
            </param>
            <param index="8">
              <value>
                <![CDATA[India]]>
              </value>
            </param>
            <param index="9">
              <value>
                <![CDATA[Thane]]>
              </value>
            </param>
            <param index="10">
              <value>
                <![CDATA[Thane]]>
              </value>
            </param>
            <param index="11">
              <value>
                <![CDATA[Thane]]>
              </value>
            </param>
            <param index="12">
              <value>
                <![CDATA[123456]]>
              </value>
            </param>
            <param index="13">
              <value>
                <![CDATA[m]]>
              </value>
            </param>
            <param index="14">
              <value>
                <![CDATA[01]]>
              </value>
            </param>
            <param index="15">
              <value>
                <![CDATA[01-Jan]]>
              </value>
            </param>
            <param index="16">
              <value>
                <![CDATA[2000]]>
              </value>
            </param>
            <param index="17">
              <value>
                <![CDATA[tejas@gmail.com]]>
              </value>
            </param>
            <param index="18">
              <value>
                <![CDATA[Mumbai]]>
              </value>
            </param>
            <param index="19">
              <value>
                <![CDATA[Delhi]]>
              </value>
            </param>
            <param index="20">
              <value>
                <![CDATA[15 April 2021]]>
              </value>
            </param>
            <param index="21">
              <value>
                <![CDATA[Delhi]]>
              </value>
            </param>
            <param index="22">
              <value>
                <![CDATA[Goa]]>
              </value>
            </param>
            <param index="23">
              <value>
                <![CDATA[16 April 2021]]>
              </value>
            </param>
          </params>
          <exception class="java.lang.AssertionError">
            <message>
              <![CDATA[Fields have changed compared to previous version.]]>
            </message>
            <full-stacktrace>
              <![CDATA[java.lang.AssertionError: Fields have changed compared to previous version.
at org.testng.Assert.fail(Assert.java:96)
at FactoryRunners.SystemTestCasesRunner.multiCityBooking(SystemTestCasesRunner.java:106)
at java.base/jdk.internal.reflect.NativeMethodAccessorImpl.invoke0(Native Method)
at java.base/jdk.internal.reflect.NativeMethodAccessorImpl.invoke(NativeMethodAccessorImpl.java:64)
at java.base/jdk.internal.reflect.DelegatingMethodAccessorImpl.invoke(DelegatingMethodAccessorImpl.java:43)
at java.base/java.lang.reflect.Method.invoke(Method.java:564)
at org.testng.internal.MethodInvocationHelper.invokeMethod(MethodInvocationHelper.java:124)
at org.testng.internal.Invoker.invokeMethod(Invoker.java:583)
at org.testng.internal.Invoker.invokeTestMethod(Invoker.java:719)
at org.testng.internal.Invoker.invokeTestMethods(Invoker.java:989)
at org.testng.internal.TestMethodWorker.invokeTestMethods(TestMethodWorker.java:125)
at org.testng.internal.TestMethodWorker.run(TestMethodWorker.java:109)
at org.testng.TestRunner.privateRun(TestRunner.java:648)
at org.testng.TestRunner.run(TestRunner.java:505)
at org.testng.SuiteRunner.runTest(SuiteRunner.java:455)
at org.testng.SuiteRunner.access$000(SuiteRunner.java:40)
at org.testng.SuiteRunner$SuiteWorker.run(SuiteRunner.java:489)
at org.testng.internal.thread.ThreadUtil$1.call(ThreadUtil.java:52)
at java.base/java.util.concurrent.FutureTask.run(FutureTask.java:264)
at java.base/java.util.concurrent.ThreadPoolExecutor.runWorker(ThreadPoolExecutor.java:1130)
at java.base/java.util.concurrent.ThreadPoolExecutor$Worker.run(ThreadPoolExecutor.java:630)
at java.base/java.lang.Thread.run(Thread.java:832)
]]>
            </full-stacktrace>
          </exception> <!-- java.lang.AssertionError -->
          <reporter-output>
          </reporter-output>
        </test-method> <!-- multiCityBooking -->
        <test-method is-config="true" signature="afterMethod()[pri:0, instance:FactoryRunners.SystemTestCasesRunner@5a85c92]" started-at="2021-04-03T05:52:12Z" name="afterMethod" finished-at="2021-04-03T05:52:22Z" duration-ms="10056" status="PASS">
          <reporter-output>
          </reporter-output>
        </test-method> <!-- afterMethod -->
        <test-method is-config="true" signature="afterClass()[pri:0, instance:FactoryRunners.SystemTestCasesRunner@5a85c92]" started-at="2021-04-03T05:52:22Z" name="afterClass" finished-at="2021-04-03T05:52:25Z" duration-ms="3079" status="PASS">
          <reporter-output>
          </reporter-output>
        </test-method> <!-- afterClass -->
      </class> <!-- FactoryRunners.SystemTestCasesRunner -->
    </test> <!-- ChromeTest -->
    <test started-at="2021-04-03T05:48:48Z" name="OperaTest" finished-at="2021-04-03T05:52:45Z" duration-ms="236396">
      <class name="FactoryRunners.SystemTestCasesRunner">
        <test-method is-config="true" signature="beforeClass(java.lang.String)[pri:0, instance:FactoryRunners.SystemTestCasesRunner@781f10f2]" started-at="2021-04-03T05:48:48Z" name="beforeClass" finished-at="2021-04-03T05:48:55Z" duration-ms="6732" status="PASS">
          <params>
            <param index="0">
              <value>
                <![CDATA[opera]]>
              </value>
            </param>
          </params>
          <reporter-output>
          </reporter-output>
        </test-method> <!-- beforeClass -->
        <test-method is-config="true" signature="beforeMethod()[pri:0, instance:FactoryRunners.SystemTestCasesRunner@781f10f2]" started-at="2021-04-03T05:48:55Z" name="beforeMethod" finished-at="2021-04-03T05:49:10Z" duration-ms="14816" status="PASS">
          <reporter-output>
          </reporter-output>
        </test-method> <!-- beforeMethod -->
        <test-method signature="oneWayFlightBooking(java.lang.String, java.lang.String, java.lang.String, java.lang.String, java.lang.String, java.lang.String, java.lang.String, java.lang.String, java.lang.String, java.lang.String, java.lang.String, java.lang.String, java.lang.String, java.lang.String, java.lang.String, java.lang.String, java.lang.String, java.lang.String, java.lang.String, java.lang.String, java.lang.String)[pri:1, instance:FactoryRunners.SystemTestCasesRunner@781f10f2]" started-at="2021-04-03T05:49:10Z" name="oneWayFlightBooking" data-provider="oneWayDP" finished-at="2021-04-03T05:50:00Z" duration-ms="50101" status="PASS">
          <params>
            <param index="0">
              <value>
                <![CDATA[Mr.]]>
              </value>
            </param>
            <param index="1">
              <value>
                <![CDATA[Mathew]]>
              </value>
            </param>
            <param index="2">
              <value>
                <![CDATA[Alex]]>
              </value>
            </param>
            <param index="3">
              <value>
                <![CDATA[9898989898]]>
              </value>
            </param>
            <param index="4">
              <value>
                <![CDATA[2333 3333 3333 3333]]>
              </value>
            </param>
            <param index="5">
              <value>
                <![CDATA[02-Feb]]>
              </value>
            </param>
            <param index="6">
              <value>
                <![CDATA[2025]]>
              </value>
            </param>
            <param index="7">
              <value>
                <![CDATA[123]]>
              </value>
            </param>
            <param index="8">
              <value>
                <![CDATA[India]]>
              </value>
            </param>
            <param index="9">
              <value>
                <![CDATA[Thane]]>
              </value>
            </param>
            <param index="10">
              <value>
                <![CDATA[Thane]]>
              </value>
            </param>
            <param index="11">
              <value>
                <![CDATA[Thane]]>
              </value>
            </param>
            <param index="12">
              <value>
                <![CDATA[123456]]>
              </value>
            </param>
            <param index="13">
              <value>
                <![CDATA[m]]>
              </value>
            </param>
            <param index="14">
              <value>
                <![CDATA[01]]>
              </value>
            </param>
            <param index="15">
              <value>
                <![CDATA[01-Jan]]>
              </value>
            </param>
            <param index="16">
              <value>
                <![CDATA[2000]]>
              </value>
            </param>
            <param index="17">
              <value>
                <![CDATA[tejas@gmail.com]]>
              </value>
            </param>
            <param index="18">
              <value>
                <![CDATA[Mumbai]]>
              </value>
            </param>
            <param index="19">
              <value>
                <![CDATA[Delhi]]>
              </value>
            </param>
            <param index="20">
              <value>
                <![CDATA[15 April 2021]]>
              </value>
            </param>
          </params>
          <reporter-output>
          </reporter-output>
        </test-method> <!-- oneWayFlightBooking -->
        <test-method is-config="true" signature="afterMethod()[pri:0, instance:FactoryRunners.SystemTestCasesRunner@781f10f2]" started-at="2021-04-03T05:50:00Z" name="afterMethod" finished-at="2021-04-03T05:50:10Z" duration-ms="10065" status="PASS">
          <reporter-output>
          </reporter-output>
        </test-method> <!-- afterMethod -->
        <test-method is-config="true" signature="beforeMethod()[pri:0, instance:FactoryRunners.SystemTestCasesRunner@781f10f2]" started-at="2021-04-03T05:50:10Z" name="beforeMethod" finished-at="2021-04-03T05:50:16Z" duration-ms="5632" status="PASS">
          <reporter-output>
          </reporter-output>
        </test-method> <!-- beforeMethod -->
        <test-method signature="returnFlighBooking(java.lang.String, java.lang.String, java.lang.String, java.lang.String, java.lang.String, java.lang.String, java.lang.String, java.lang.String, java.lang.String, java.lang.String, java.lang.String, java.lang.String, java.lang.String, java.lang.String, java.lang.String, java.lang.String, java.lang.String, java.lang.String, java.lang.String, java.lang.String, java.lang.String, java.lang.String)[pri:2, instance:FactoryRunners.SystemTestCasesRunner@781f10f2]" started-at="2021-04-03T05:50:16Z" name="returnFlighBooking" data-provider="returnDP" finished-at="2021-04-03T05:51:20Z" duration-ms="64468" status="FAIL">
          <params>
            <param index="0">
              <value>
                <![CDATA[Mr.]]>
              </value>
            </param>
            <param index="1">
              <value>
                <![CDATA[Mathew]]>
              </value>
            </param>
            <param index="2">
              <value>
                <![CDATA[Alex]]>
              </value>
            </param>
            <param index="3">
              <value>
                <![CDATA[9898989898]]>
              </value>
            </param>
            <param index="4">
              <value>
                <![CDATA[2333 3333 3333 3333]]>
              </value>
            </param>
            <param index="5">
              <value>
                <![CDATA[02-Feb]]>
              </value>
            </param>
            <param index="6">
              <value>
                <![CDATA[2025]]>
              </value>
            </param>
            <param index="7">
              <value>
                <![CDATA[123]]>
              </value>
            </param>
            <param index="8">
              <value>
                <![CDATA[India]]>
              </value>
            </param>
            <param index="9">
              <value>
                <![CDATA[Thane]]>
              </value>
            </param>
            <param index="10">
              <value>
                <![CDATA[Thane]]>
              </value>
            </param>
            <param index="11">
              <value>
                <![CDATA[Thane]]>
              </value>
            </param>
            <param index="12">
              <value>
                <![CDATA[123456]]>
              </value>
            </param>
            <param index="13">
              <value>
                <![CDATA[m]]>
              </value>
            </param>
            <param index="14">
              <value>
                <![CDATA[01]]>
              </value>
            </param>
            <param index="15">
              <value>
                <![CDATA[01-Jan]]>
              </value>
            </param>
            <param index="16">
              <value>
                <![CDATA[2000]]>
              </value>
            </param>
            <param index="17">
              <value>
                <![CDATA[tejas@gmail.com]]>
              </value>
            </param>
            <param index="18">
              <value>
                <![CDATA[Mumbai]]>
              </value>
            </param>
            <param index="19">
              <value>
                <![CDATA[Delhi]]>
              </value>
            </param>
            <param index="20">
              <value>
                <![CDATA[15 April 2021]]>
              </value>
            </param>
            <param index="21">
              <value>
                <![CDATA[18 April 2021]]>
              </value>
            </param>
          </params>
          <exception class="java.lang.AssertionError">
            <message>
              <![CDATA[Fields have changed compared to previous version.]]>
            </message>
            <full-stacktrace>
              <![CDATA[java.lang.AssertionError: Fields have changed compared to previous version.
at org.testng.Assert.fail(Assert.java:96)
at FactoryRunners.SystemTestCasesRunner.returnFlighBooking(SystemTestCasesRunner.java:85)
at java.base/jdk.internal.reflect.NativeMethodAccessorImpl.invoke0(Native Method)
at java.base/jdk.internal.reflect.NativeMethodAccessorImpl.invoke(NativeMethodAccessorImpl.java:64)
at java.base/jdk.internal.reflect.DelegatingMethodAccessorImpl.invoke(DelegatingMethodAccessorImpl.java:43)
at java.base/java.lang.reflect.Method.invoke(Method.java:564)
at org.testng.internal.MethodInvocationHelper.invokeMethod(MethodInvocationHelper.java:124)
at org.testng.internal.Invoker.invokeMethod(Invoker.java:583)
at org.testng.internal.Invoker.invokeTestMethod(Invoker.java:719)
at org.testng.internal.Invoker.invokeTestMethods(Invoker.java:989)
at org.testng.internal.TestMethodWorker.invokeTestMethods(TestMethodWorker.java:125)
at org.testng.internal.TestMethodWorker.run(TestMethodWorker.java:109)
at org.testng.TestRunner.privateRun(TestRunner.java:648)
at org.testng.TestRunner.run(TestRunner.java:505)
at org.testng.SuiteRunner.runTest(SuiteRunner.java:455)
at org.testng.SuiteRunner.access$000(SuiteRunner.java:40)
at org.testng.SuiteRunner$SuiteWorker.run(SuiteRunner.java:489)
at org.testng.internal.thread.ThreadUtil$1.call(ThreadUtil.java:52)
at java.base/java.util.concurrent.FutureTask.run(FutureTask.java:264)
at java.base/java.util.concurrent.ThreadPoolExecutor.runWorker(ThreadPoolExecutor.java:1130)
at java.base/java.util.concurrent.ThreadPoolExecutor$Worker.run(ThreadPoolExecutor.java:630)
at java.base/java.lang.Thread.run(Thread.java:832)
]]>
            </full-stacktrace>
          </exception> <!-- java.lang.AssertionError -->
          <reporter-output>
          </reporter-output>
        </test-method> <!-- returnFlighBooking -->
        <test-method is-config="true" signature="afterMethod()[pri:0, instance:FactoryRunners.SystemTestCasesRunner@781f10f2]" started-at="2021-04-03T05:51:20Z" name="afterMethod" finished-at="2021-04-03T05:51:30Z" duration-ms="10059" status="PASS">
          <reporter-output>
          </reporter-output>
        </test-method> <!-- afterMethod -->
        <test-method is-config="true" signature="beforeMethod()[pri:0, instance:FactoryRunners.SystemTestCasesRunner@781f10f2]" started-at="2021-04-03T05:51:30Z" name="beforeMethod" finished-at="2021-04-03T05:51:34Z" duration-ms="3801" status="PASS">
          <reporter-output>
          </reporter-output>
        </test-method> <!-- beforeMethod -->
        <test-method signature="multiCityBooking(java.lang.String, java.lang.String, java.lang.String, java.lang.String, java.lang.String, java.lang.String, java.lang.String, java.lang.String, java.lang.String, java.lang.String, java.lang.String, java.lang.String, java.lang.String, java.lang.String, java.lang.String, java.lang.String, java.lang.String, java.lang.String, java.lang.String, java.lang.String, java.lang.String, java.lang.String, java.lang.String, java.lang.String)[pri:3, instance:FactoryRunners.SystemTestCasesRunner@781f10f2]" started-at="2021-04-03T05:51:34Z" name="multiCityBooking" data-provider="multiDP" finished-at="2021-04-03T05:52:32Z" duration-ms="57644" status="FAIL">
          <params>
            <param index="0">
              <value>
                <![CDATA[Mr.]]>
              </value>
            </param>
            <param index="1">
              <value>
                <![CDATA[Mathew]]>
              </value>
            </param>
            <param index="2">
              <value>
                <![CDATA[Alex]]>
              </value>
            </param>
            <param index="3">
              <value>
                <![CDATA[9898989898]]>
              </value>
            </param>
            <param index="4">
              <value>
                <![CDATA[2333 3333 3333 3333]]>
              </value>
            </param>
            <param index="5">
              <value>
                <![CDATA[02-Feb]]>
              </value>
            </param>
            <param index="6">
              <value>
                <![CDATA[2025]]>
              </value>
            </param>
            <param index="7">
              <value>
                <![CDATA[123]]>
              </value>
            </param>
            <param index="8">
              <value>
                <![CDATA[India]]>
              </value>
            </param>
            <param index="9">
              <value>
                <![CDATA[Thane]]>
              </value>
            </param>
            <param index="10">
              <value>
                <![CDATA[Thane]]>
              </value>
            </param>
            <param index="11">
              <value>
                <![CDATA[Thane]]>
              </value>
            </param>
            <param index="12">
              <value>
                <![CDATA[123456]]>
              </value>
            </param>
            <param index="13">
              <value>
                <![CDATA[m]]>
              </value>
            </param>
            <param index="14">
              <value>
                <![CDATA[01]]>
              </value>
            </param>
            <param index="15">
              <value>
                <![CDATA[01-Jan]]>
              </value>
            </param>
            <param index="16">
              <value>
                <![CDATA[2000]]>
              </value>
            </param>
            <param index="17">
              <value>
                <![CDATA[tejas@gmail.com]]>
              </value>
            </param>
            <param index="18">
              <value>
                <![CDATA[Mumbai]]>
              </value>
            </param>
            <param index="19">
              <value>
                <![CDATA[Delhi]]>
              </value>
            </param>
            <param index="20">
              <value>
                <![CDATA[15 April 2021]]>
              </value>
            </param>
            <param index="21">
              <value>
                <![CDATA[Delhi]]>
              </value>
            </param>
            <param index="22">
              <value>
                <![CDATA[Goa]]>
              </value>
            </param>
            <param index="23">
              <value>
                <![CDATA[16 April 2021]]>
              </value>
            </param>
          </params>
          <exception class="java.lang.AssertionError">
            <message>
              <![CDATA[Fields have changed compared to previous version.]]>
            </message>
            <full-stacktrace>
              <![CDATA[java.lang.AssertionError: Fields have changed compared to previous version.
at org.testng.Assert.fail(Assert.java:96)
at FactoryRunners.SystemTestCasesRunner.multiCityBooking(SystemTestCasesRunner.java:106)
at java.base/jdk.internal.reflect.NativeMethodAccessorImpl.invoke0(Native Method)
at java.base/jdk.internal.reflect.NativeMethodAccessorImpl.invoke(NativeMethodAccessorImpl.java:64)
at java.base/jdk.internal.reflect.DelegatingMethodAccessorImpl.invoke(DelegatingMethodAccessorImpl.java:43)
at java.base/java.lang.reflect.Method.invoke(Method.java:564)
at org.testng.internal.MethodInvocationHelper.invokeMethod(MethodInvocationHelper.java:124)
at org.testng.internal.Invoker.invokeMethod(Invoker.java:583)
at org.testng.internal.Invoker.invokeTestMethod(Invoker.java:719)
at org.testng.internal.Invoker.invokeTestMethods(Invoker.java:989)
at org.testng.internal.TestMethodWorker.invokeTestMethods(TestMethodWorker.java:125)
at org.testng.internal.TestMethodWorker.run(TestMethodWorker.java:109)
at org.testng.TestRunner.privateRun(TestRunner.java:648)
at org.testng.TestRunner.run(TestRunner.java:505)
at org.testng.SuiteRunner.runTest(SuiteRunner.java:455)
at org.testng.SuiteRunner.access$000(SuiteRunner.java:40)
at org.testng.SuiteRunner$SuiteWorker.run(SuiteRunner.java:489)
at org.testng.internal.thread.ThreadUtil$1.call(ThreadUtil.java:52)
at java.base/java.util.concurrent.FutureTask.run(FutureTask.java:264)
at java.base/java.util.concurrent.ThreadPoolExecutor.runWorker(ThreadPoolExecutor.java:1130)
at java.base/java.util.concurrent.ThreadPoolExecutor$Worker.run(ThreadPoolExecutor.java:630)
at java.base/java.lang.Thread.run(Thread.java:832)
]]>
            </full-stacktrace>
          </exception> <!-- java.lang.AssertionError -->
          <reporter-output>
          </reporter-output>
        </test-method> <!-- multiCityBooking -->
        <test-method is-config="true" signature="afterMethod()[pri:0, instance:FactoryRunners.SystemTestCasesRunner@781f10f2]" started-at="2021-04-03T05:52:32Z" name="afterMethod" finished-at="2021-04-03T05:52:42Z" duration-ms="10068" status="PASS">
          <reporter-output>
          </reporter-output>
        </test-method> <!-- afterMethod -->
        <test-method is-config="true" signature="afterClass()[pri:0, instance:FactoryRunners.SystemTestCasesRunner@781f10f2]" started-at="2021-04-03T05:52:42Z" name="afterClass" finished-at="2021-04-03T05:52:45Z" duration-ms="2930" status="PASS">
          <reporter-output>
          </reporter-output>
        </test-method> <!-- afterClass -->
      </class> <!-- FactoryRunners.SystemTestCasesRunner -->
    </test> <!-- OperaTest -->
    <test started-at="2021-04-03T05:48:48Z" name="UnitTests" finished-at="2021-04-03T05:55:28Z" duration-ms="399980">
      <class name="FactoryRunners.CheckoutRunner">
        <test-method is-config="true" signature="beforeClass(java.lang.String)[pri:0, instance:FactoryRunners.CheckoutRunner@312ab28e]" started-at="2021-04-03T05:51:01Z" name="beforeClass" finished-at="2021-04-03T05:51:05Z" duration-ms="4164" status="PASS">
          <params>
            <param index="0">
              <value>
                <![CDATA[chrome]]>
              </value>
            </param>
          </params>
          <reporter-output>
          </reporter-output>
        </test-method> <!-- beforeClass -->
        <test-method signature="OneWayCheckoutTest(java.lang.String, java.lang.String, java.lang.String, java.lang.String, java.lang.String, java.lang.String, java.lang.String, java.lang.String, java.lang.String, java.lang.String, java.lang.String, java.lang.String, java.lang.String, java.lang.String, java.lang.String, java.lang.String, java.lang.String, java.lang.String)[pri:0, instance:FactoryRunners.CheckoutRunner@312ab28e]" started-at="2021-04-03T05:51:05Z" name="OneWayCheckoutTest" data-provider="checkoutData" finished-at="2021-04-03T05:51:27Z" duration-ms="22278" status="FAIL">
          <params>
            <param index="0">
              <value>
                <![CDATA[Mr.]]>
              </value>
            </param>
            <param index="1">
              <value>
                <![CDATA[Mathew]]>
              </value>
            </param>
            <param index="2">
              <value>
                <![CDATA[Alex]]>
              </value>
            </param>
            <param index="3">
              <value>
                <![CDATA[9898989898]]>
              </value>
            </param>
            <param index="4">
              <value>
                <![CDATA[2333 3333 3333 3333]]>
              </value>
            </param>
            <param index="5">
              <value>
                <![CDATA[02-Feb]]>
              </value>
            </param>
            <param index="6">
              <value>
                <![CDATA[2025]]>
              </value>
            </param>
            <param index="7">
              <value>
                <![CDATA[123]]>
              </value>
            </param>
            <param index="8">
              <value>
                <![CDATA[India]]>
              </value>
            </param>
            <param index="9">
              <value>
                <![CDATA[Thane]]>
              </value>
            </param>
            <param index="10">
              <value>
                <![CDATA[Thane]]>
              </value>
            </param>
            <param index="11">
              <value>
                <![CDATA[Thane]]>
              </value>
            </param>
            <param index="12">
              <value>
                <![CDATA[123456]]>
              </value>
            </param>
            <param index="13">
              <value>
                <![CDATA[m]]>
              </value>
            </param>
            <param index="14">
              <value>
                <![CDATA[1]]>
              </value>
            </param>
            <param index="15">
              <value>
                <![CDATA[01-Jan]]>
              </value>
            </param>
            <param index="16">
              <value>
                <![CDATA[2000]]>
              </value>
            </param>
            <param index="17">
              <value>
                <![CDATA[tejas@gmail.com]]>
              </value>
            </param>
          </params>
          <exception class="java.lang.AssertionError">
            <message>
              <![CDATA[Stopper effect observed, Version has changed and as a result unit testing cannot be carried out]]>
            </message>
            <full-stacktrace>
              <![CDATA[java.lang.AssertionError: Stopper effect observed, Version has changed and as a result unit testing cannot be carried out
at org.testng.Assert.fail(Assert.java:96)
at FactoryRunners.CheckoutRunner.OneWayCheckoutTest(CheckoutRunner.java:27)
at java.base/jdk.internal.reflect.NativeMethodAccessorImpl.invoke0(Native Method)
at java.base/jdk.internal.reflect.NativeMethodAccessorImpl.invoke(NativeMethodAccessorImpl.java:64)
at java.base/jdk.internal.reflect.DelegatingMethodAccessorImpl.invoke(DelegatingMethodAccessorImpl.java:43)
at java.base/java.lang.reflect.Method.invoke(Method.java:564)
at org.testng.internal.MethodInvocationHelper.invokeMethod(MethodInvocationHelper.java:124)
at org.testng.internal.Invoker.invokeMethod(Invoker.java:583)
at org.testng.internal.Invoker.invokeTestMethod(Invoker.java:719)
at org.testng.internal.Invoker.invokeTestMethods(Invoker.java:989)
at org.testng.internal.TestMethodWorker.invokeTestMethods(TestMethodWorker.java:125)
at org.testng.internal.TestMethodWorker.run(TestMethodWorker.java:109)
at org.testng.TestRunner.privateRun(TestRunner.java:648)
at org.testng.TestRunner.run(TestRunner.java:505)
at org.testng.SuiteRunner.runTest(SuiteRunner.java:455)
at org.testng.SuiteRunner.access$000(SuiteRunner.java:40)
at org.testng.SuiteRunner$SuiteWorker.run(SuiteRunner.java:489)
at org.testng.internal.thread.ThreadUtil$1.call(ThreadUtil.java:52)
at java.base/java.util.concurrent.FutureTask.run(FutureTask.java:264)
at java.base/java.util.concurrent.ThreadPoolExecutor.runWorker(ThreadPoolExecutor.java:1130)
at java.base/java.util.concurrent.ThreadPoolExecutor$Worker.run(ThreadPoolExecutor.java:630)
at java.base/java.lang.Thread.run(Thread.java:832)
]]>
            </full-stacktrace>
          </exception> <!-- java.lang.AssertionError -->
          <reporter-output>
          </reporter-output>
        </test-method> <!-- OneWayCheckoutTest -->
        <test-method signature="multiCheckoutTest(java.lang.String, java.lang.String, java.lang.String, java.lang.String, java.lang.String, java.lang.String, java.lang.String, java.lang.String, java.lang.String, java.lang.String, java.lang.String, java.lang.String, java.lang.String, java.lang.String, java.lang.String, java.lang.String, java.lang.String, java.lang.String)[pri:0, instance:FactoryRunners.CheckoutRunner@312ab28e]" started-at="2021-04-03T05:51:27Z" name="multiCheckoutTest" data-provider="checkoutData" finished-at="2021-04-03T05:51:33Z" duration-ms="6296" status="FAIL">
          <params>
            <param index="0">
              <value>
                <![CDATA[Mr.]]>
              </value>
            </param>
            <param index="1">
              <value>
                <![CDATA[Mathew]]>
              </value>
            </param>
            <param index="2">
              <value>
                <![CDATA[Alex]]>
              </value>
            </param>
            <param index="3">
              <value>
                <![CDATA[9898989898]]>
              </value>
            </param>
            <param index="4">
              <value>
                <![CDATA[2333 3333 3333 3333]]>
              </value>
            </param>
            <param index="5">
              <value>
                <![CDATA[02-Feb]]>
              </value>
            </param>
            <param index="6">
              <value>
                <![CDATA[2025]]>
              </value>
            </param>
            <param index="7">
              <value>
                <![CDATA[123]]>
              </value>
            </param>
            <param index="8">
              <value>
                <![CDATA[India]]>
              </value>
            </param>
            <param index="9">
              <value>
                <![CDATA[Thane]]>
              </value>
            </param>
            <param index="10">
              <value>
                <![CDATA[Thane]]>
              </value>
            </param>
            <param index="11">
              <value>
                <![CDATA[Thane]]>
              </value>
            </param>
            <param index="12">
              <value>
                <![CDATA[123456]]>
              </value>
            </param>
            <param index="13">
              <value>
                <![CDATA[m]]>
              </value>
            </param>
            <param index="14">
              <value>
                <![CDATA[1]]>
              </value>
            </param>
            <param index="15">
              <value>
                <![CDATA[01-Jan]]>
              </value>
            </param>
            <param index="16">
              <value>
                <![CDATA[2000]]>
              </value>
            </param>
            <param index="17">
              <value>
                <![CDATA[tejas@gmail.com]]>
              </value>
            </param>
          </params>
          <exception class="java.lang.AssertionError">
            <message>
              <![CDATA[Stopper effect observed, Version has changed and as a result unit testing cannot be carried out]]>
            </message>
            <full-stacktrace>
              <![CDATA[java.lang.AssertionError: Stopper effect observed, Version has changed and as a result unit testing cannot be carried out
at org.testng.Assert.fail(Assert.java:96)
at FactoryRunners.CheckoutRunner.multiCheckoutTest(CheckoutRunner.java:118)
at java.base/jdk.internal.reflect.NativeMethodAccessorImpl.invoke0(Native Method)
at java.base/jdk.internal.reflect.NativeMethodAccessorImpl.invoke(NativeMethodAccessorImpl.java:64)
at java.base/jdk.internal.reflect.DelegatingMethodAccessorImpl.invoke(DelegatingMethodAccessorImpl.java:43)
at java.base/java.lang.reflect.Method.invoke(Method.java:564)
at org.testng.internal.MethodInvocationHelper.invokeMethod(MethodInvocationHelper.java:124)
at org.testng.internal.Invoker.invokeMethod(Invoker.java:583)
at org.testng.internal.Invoker.invokeTestMethod(Invoker.java:719)
at org.testng.internal.Invoker.invokeTestMethods(Invoker.java:989)
at org.testng.internal.TestMethodWorker.invokeTestMethods(TestMethodWorker.java:125)
at org.testng.internal.TestMethodWorker.run(TestMethodWorker.java:109)
at org.testng.TestRunner.privateRun(TestRunner.java:648)
at org.testng.TestRunner.run(TestRunner.java:505)
at org.testng.SuiteRunner.runTest(SuiteRunner.java:455)
at org.testng.SuiteRunner.access$000(SuiteRunner.java:40)
at org.testng.SuiteRunner$SuiteWorker.run(SuiteRunner.java:489)
at org.testng.internal.thread.ThreadUtil$1.call(ThreadUtil.java:52)
at java.base/java.util.concurrent.FutureTask.run(FutureTask.java:264)
at java.base/java.util.concurrent.ThreadPoolExecutor.runWorker(ThreadPoolExecutor.java:1130)
at java.base/java.util.concurrent.ThreadPoolExecutor$Worker.run(ThreadPoolExecutor.java:630)
at java.base/java.lang.Thread.run(Thread.java:832)
]]>
            </full-stacktrace>
          </exception> <!-- java.lang.AssertionError -->
          <reporter-output>
          </reporter-output>
        </test-method> <!-- multiCheckoutTest -->
        <test-method signature="returnCheckoutTest(java.lang.String, java.lang.String, java.lang.String, java.lang.String, java.lang.String, java.lang.String, java.lang.String, java.lang.String, java.lang.String, java.lang.String, java.lang.String, java.lang.String, java.lang.String, java.lang.String, java.lang.String, java.lang.String, java.lang.String, java.lang.String)[pri:0, instance:FactoryRunners.CheckoutRunner@312ab28e]" started-at="2021-04-03T05:51:33Z" name="returnCheckoutTest" data-provider="checkoutData" finished-at="2021-04-03T05:51:51Z" duration-ms="17900" status="FAIL">
          <params>
            <param index="0">
              <value>
                <![CDATA[Mr.]]>
              </value>
            </param>
            <param index="1">
              <value>
                <![CDATA[Mathew]]>
              </value>
            </param>
            <param index="2">
              <value>
                <![CDATA[Alex]]>
              </value>
            </param>
            <param index="3">
              <value>
                <![CDATA[9898989898]]>
              </value>
            </param>
            <param index="4">
              <value>
                <![CDATA[2333 3333 3333 3333]]>
              </value>
            </param>
            <param index="5">
              <value>
                <![CDATA[02-Feb]]>
              </value>
            </param>
            <param index="6">
              <value>
                <![CDATA[2025]]>
              </value>
            </param>
            <param index="7">
              <value>
                <![CDATA[123]]>
              </value>
            </param>
            <param index="8">
              <value>
                <![CDATA[India]]>
              </value>
            </param>
            <param index="9">
              <value>
                <![CDATA[Thane]]>
              </value>
            </param>
            <param index="10">
              <value>
                <![CDATA[Thane]]>
              </value>
            </param>
            <param index="11">
              <value>
                <![CDATA[Thane]]>
              </value>
            </param>
            <param index="12">
              <value>
                <![CDATA[123456]]>
              </value>
            </param>
            <param index="13">
              <value>
                <![CDATA[m]]>
              </value>
            </param>
            <param index="14">
              <value>
                <![CDATA[1]]>
              </value>
            </param>
            <param index="15">
              <value>
                <![CDATA[01-Jan]]>
              </value>
            </param>
            <param index="16">
              <value>
                <![CDATA[2000]]>
              </value>
            </param>
            <param index="17">
              <value>
                <![CDATA[tejas@gmail.com]]>
              </value>
            </param>
          </params>
          <exception class="java.lang.AssertionError">
            <message>
              <![CDATA[Stopper effect observed, Version has changed and as a result unit testing cannot be carried out]]>
            </message>
            <full-stacktrace>
              <![CDATA[java.lang.AssertionError: Stopper effect observed, Version has changed and as a result unit testing cannot be carried out
at org.testng.Assert.fail(Assert.java:96)
at FactoryRunners.CheckoutRunner.returnCheckoutTest(CheckoutRunner.java:72)
at java.base/jdk.internal.reflect.NativeMethodAccessorImpl.invoke0(Native Method)
at java.base/jdk.internal.reflect.NativeMethodAccessorImpl.invoke(NativeMethodAccessorImpl.java:64)
at java.base/jdk.internal.reflect.DelegatingMethodAccessorImpl.invoke(DelegatingMethodAccessorImpl.java:43)
at java.base/java.lang.reflect.Method.invoke(Method.java:564)
at org.testng.internal.MethodInvocationHelper.invokeMethod(MethodInvocationHelper.java:124)
at org.testng.internal.Invoker.invokeMethod(Invoker.java:583)
at org.testng.internal.Invoker.invokeTestMethod(Invoker.java:719)
at org.testng.internal.Invoker.invokeTestMethods(Invoker.java:989)
at org.testng.internal.TestMethodWorker.invokeTestMethods(TestMethodWorker.java:125)
at org.testng.internal.TestMethodWorker.run(TestMethodWorker.java:109)
at org.testng.TestRunner.privateRun(TestRunner.java:648)
at org.testng.TestRunner.run(TestRunner.java:505)
at org.testng.SuiteRunner.runTest(SuiteRunner.java:455)
at org.testng.SuiteRunner.access$000(SuiteRunner.java:40)
at org.testng.SuiteRunner$SuiteWorker.run(SuiteRunner.java:489)
at org.testng.internal.thread.ThreadUtil$1.call(ThreadUtil.java:52)
at java.base/java.util.concurrent.FutureTask.run(FutureTask.java:264)
at java.base/java.util.concurrent.ThreadPoolExecutor.runWorker(ThreadPoolExecutor.java:1130)
at java.base/java.util.concurrent.ThreadPoolExecutor$Worker.run(ThreadPoolExecutor.java:630)
at java.base/java.lang.Thread.run(Thread.java:832)
]]>
            </full-stacktrace>
          </exception> <!-- java.lang.AssertionError -->
          <reporter-output>
          </reporter-output>
        </test-method> <!-- returnCheckoutTest -->
        <test-method is-config="true" signature="afterClass()[pri:0, instance:FactoryRunners.CheckoutRunner@312ab28e]" started-at="2021-04-03T05:51:51Z" name="afterClass" finished-at="2021-04-03T05:51:54Z" duration-ms="2758" status="PASS">
          <reporter-output>
          </reporter-output>
        </test-method> <!-- afterClass -->
      </class> <!-- FactoryRunners.CheckoutRunner -->
      <class name="FactoryRunners.CheckChildRunner">
        <test-method is-config="true" signature="beforeClass(java.lang.String)[pri:0, instance:FactoryRunners.CheckChildRunner@1522d8a0]" started-at="2021-04-03T05:50:22Z" name="beforeClass" finished-at="2021-04-03T05:50:27Z" duration-ms="4242" status="PASS">
          <params>
            <param index="0">
              <value>
                <![CDATA[chrome]]>
              </value>
            </param>
          </params>
          <reporter-output>
          </reporter-output>
        </test-method> <!-- beforeClass -->
        <test-method signature="childTest(java.lang.String, java.lang.String)[pri:0, instance:FactoryRunners.CheckChildRunner@1522d8a0]" started-at="2021-04-03T05:50:27Z" name="childTest" data-provider="dp" finished-at="2021-04-03T05:50:32Z" duration-ms="5899" status="PASS">
          <params>
            <param index="0">
              <value>
                <![CDATA[Age]]>
              </value>
            </param>
            <param index="1">
              <value>
                <![CDATA[Age]]>
              </value>
            </param>
          </params>
          <reporter-output>
          </reporter-output>
        </test-method> <!-- childTest -->
        <test-method signature="childTest(java.lang.String, java.lang.String)[pri:0, instance:FactoryRunners.CheckChildRunner@1522d8a0]" started-at="2021-04-03T05:50:32Z" name="childTest" data-provider="dp" finished-at="2021-04-03T05:50:39Z" duration-ms="6543" status="PASS">
          <params>
            <param index="0">
              <value>
                <![CDATA[2]]>
              </value>
            </param>
            <param index="1">
              <value>
                <![CDATA[Age]]>
              </value>
            </param>
          </params>
          <reporter-output>
          </reporter-output>
        </test-method> <!-- childTest -->
        <test-method signature="childTest(java.lang.String, java.lang.String)[pri:0, instance:FactoryRunners.CheckChildRunner@1522d8a0]" started-at="2021-04-03T05:50:39Z" name="childTest" data-provider="dp" finished-at="2021-04-03T05:50:58Z" duration-ms="18747" status="PASS">
          <params>
            <param index="0">
              <value>
                <![CDATA[3]]>
              </value>
            </param>
            <param index="1">
              <value>
                <![CDATA[3]]>
              </value>
            </param>
          </params>
          <reporter-output>
          </reporter-output>
        </test-method> <!-- childTest -->
        <test-method is-config="true" signature="afterClass()[pri:0, instance:FactoryRunners.CheckChildRunner@1522d8a0]" started-at="2021-04-03T05:50:58Z" name="afterClass" finished-at="2021-04-03T05:51:01Z" duration-ms="2873" status="PASS">
          <reporter-output>
          </reporter-output>
        </test-method> <!-- afterClass -->
      </class> <!-- FactoryRunners.CheckChildRunner -->
      <class name="FactoryRunners.SearchingFlightsRunner">
        <test-method is-config="true" signature="beforeClass(java.lang.String)[pri:0, instance:FactoryRunners.SearchingFlightsRunner@5644dc81]" started-at="2021-04-03T05:51:54Z" name="beforeClass" finished-at="2021-04-03T05:51:58Z" duration-ms="4196" status="PASS">
          <params>
            <param index="0">
              <value>
                <![CDATA[chrome]]>
              </value>
            </param>
          </params>
          <reporter-output>
          </reporter-output>
        </test-method> <!-- beforeClass -->
        <test-method signature="oneWaySearching(java.lang.String, java.lang.String, java.lang.String)[pri:1, instance:FactoryRunners.SearchingFlightsRunner@5644dc81]" started-at="2021-04-03T05:51:58Z" name="oneWaySearching" data-provider="searchOneWayDP" finished-at="2021-04-03T05:52:26Z" duration-ms="27690" status="PASS">
          <params>
            <param index="0">
              <value>
                <![CDATA[Mumbai]]>
              </value>
            </param>
            <param index="1">
              <value>
                <![CDATA[Bengarlu]]>
              </value>
            </param>
            <param index="2">
              <value>
                <![CDATA[14 April 2021]]>
              </value>
            </param>
          </params>
          <reporter-output>
          </reporter-output>
        </test-method> <!-- oneWaySearching -->
        <test-method signature="oneWaySearching(java.lang.String, java.lang.String, java.lang.String)[pri:1, instance:FactoryRunners.SearchingFlightsRunner@5644dc81]" started-at="2021-04-03T05:52:26Z" name="oneWaySearching" data-provider="searchOneWayDP" finished-at="2021-04-03T05:52:49Z" duration-ms="23110" status="PASS">
          <params>
            <param index="0">
              <value>
                <![CDATA[Delhi]]>
              </value>
            </param>
            <param index="1">
              <value>
                <![CDATA[Goa]]>
              </value>
            </param>
            <param index="2">
              <value>
                <![CDATA[15 April 2021]]>
              </value>
            </param>
          </params>
          <reporter-output>
          </reporter-output>
        </test-method> <!-- oneWaySearching -->
        <test-method signature="oneWaySearching(java.lang.String, java.lang.String, java.lang.String)[pri:1, instance:FactoryRunners.SearchingFlightsRunner@5644dc81]" started-at="2021-04-03T05:52:49Z" name="oneWaySearching" data-provider="searchOneWayDP" finished-at="2021-04-03T05:52:59Z" duration-ms="9857" status="PASS">
          <params>
            <param index="0">
              <value>
                <![CDATA[Mumbai]]>
              </value>
            </param>
            <param index="1">
              <value>
                <![CDATA[Mumbai]]>
              </value>
            </param>
            <param index="2">
              <value>
                <![CDATA[16 August 2021]]>
              </value>
            </param>
          </params>
          <reporter-output>
          </reporter-output>
        </test-method> <!-- oneWaySearching -->
        <test-method signature="returnSearching(java.lang.String, java.lang.String, java.lang.String, java.lang.String)[pri:2, instance:FactoryRunners.SearchingFlightsRunner@5644dc81]" started-at="2021-04-03T05:52:59Z" name="returnSearching" data-provider="searchReturnDP" finished-at="2021-04-03T05:53:23Z" duration-ms="23789" status="PASS">
          <params>
            <param index="0">
              <value>
                <![CDATA[Mumbai]]>
              </value>
            </param>
            <param index="1">
              <value>
                <![CDATA[Bengarlu]]>
              </value>
            </param>
            <param index="2">
              <value>
                <![CDATA[13 April 2021]]>
              </value>
            </param>
            <param index="3">
              <value>
                <![CDATA[14 April 2021]]>
              </value>
            </param>
          </params>
          <reporter-output>
          </reporter-output>
        </test-method> <!-- returnSearching -->
        <test-method signature="returnSearching(java.lang.String, java.lang.String, java.lang.String, java.lang.String)[pri:2, instance:FactoryRunners.SearchingFlightsRunner@5644dc81]" started-at="2021-04-03T05:53:23Z" name="returnSearching" data-provider="searchReturnDP" finished-at="2021-04-03T05:53:34Z" duration-ms="11534" status="PASS">
          <params>
            <param index="0">
              <value>
                <![CDATA[Delhi]]>
              </value>
            </param>
            <param index="1">
              <value>
                <![CDATA[Delhi]]>
              </value>
            </param>
            <param index="2">
              <value>
                <![CDATA[12 April 2021]]>
              </value>
            </param>
            <param index="3">
              <value>
                <![CDATA[13 April 2021]]>
              </value>
            </param>
          </params>
          <reporter-output>
          </reporter-output>
        </test-method> <!-- returnSearching -->
        <test-method signature="returnSearching(java.lang.String, java.lang.String, java.lang.String, java.lang.String)[pri:2, instance:FactoryRunners.SearchingFlightsRunner@5644dc81]" started-at="2021-04-03T05:53:34Z" name="returnSearching" data-provider="searchReturnDP" finished-at="2021-04-03T05:53:58Z" duration-ms="23274" status="PASS">
          <params>
            <param index="0">
              <value>
                <![CDATA[Delhi]]>
              </value>
            </param>
            <param index="1">
              <value>
                <![CDATA[Goa]]>
              </value>
            </param>
            <param index="2">
              <value>
                <![CDATA[12 August 2021]]>
              </value>
            </param>
            <param index="3">
              <value>
                <![CDATA[13 August 2021]]>
              </value>
            </param>
          </params>
          <reporter-output>
          </reporter-output>
        </test-method> <!-- returnSearching -->
        <test-method signature="multiSearching(java.lang.String, java.lang.String, java.lang.String, java.lang.String, java.lang.String, java.lang.String)[pri:3, instance:FactoryRunners.SearchingFlightsRunner@5644dc81]" started-at="2021-04-03T05:53:58Z" name="multiSearching" data-provider="searchMultiDP" finished-at="2021-04-03T05:54:28Z" duration-ms="30493" status="PASS">
          <params>
            <param index="0">
              <value>
                <![CDATA[Goa]]>
              </value>
            </param>
            <param index="1">
              <value>
                <![CDATA[Delhi]]>
              </value>
            </param>
            <param index="2">
              <value>
                <![CDATA[29 May 2021]]>
              </value>
            </param>
            <param index="3">
              <value>
                <![CDATA[Delhi]]>
              </value>
            </param>
            <param index="4">
              <value>
                <![CDATA[Pune]]>
              </value>
            </param>
            <param index="5">
              <value>
                <![CDATA[30 May 2021]]>
              </value>
            </param>
          </params>
          <reporter-output>
          </reporter-output>
        </test-method> <!-- multiSearching -->
        <test-method signature="multiSearching(java.lang.String, java.lang.String, java.lang.String, java.lang.String, java.lang.String, java.lang.String)[pri:3, instance:FactoryRunners.SearchingFlightsRunner@5644dc81]" started-at="2021-04-03T05:54:28Z" name="multiSearching" data-provider="searchMultiDP" finished-at="2021-04-03T05:54:57Z" duration-ms="28773" status="PASS">
          <params>
            <param index="0">
              <value>
                <![CDATA[Goa]]>
              </value>
            </param>
            <param index="1">
              <value>
                <![CDATA[Delhi]]>
              </value>
            </param>
            <param index="2">
              <value>
                <![CDATA[15 April 2021]]>
              </value>
            </param>
            <param index="3">
              <value>
                <![CDATA[Delhi]]>
              </value>
            </param>
            <param index="4">
              <value>
                <![CDATA[Pune]]>
              </value>
            </param>
            <param index="5">
              <value>
                <![CDATA[14 April 2021]]>
              </value>
            </param>
          </params>
          <reporter-output>
          </reporter-output>
        </test-method> <!-- multiSearching -->
        <test-method signature="multiSearching(java.lang.String, java.lang.String, java.lang.String, java.lang.String, java.lang.String, java.lang.String)[pri:3, instance:FactoryRunners.SearchingFlightsRunner@5644dc81]" started-at="2021-04-03T05:54:57Z" name="multiSearching" data-provider="searchMultiDP" finished-at="2021-04-03T05:55:25Z" duration-ms="28502" status="PASS">
          <params>
            <param index="0">
              <value>
                <![CDATA[Pune]]>
              </value>
            </param>
            <param index="1">
              <value>
                <![CDATA[Kolkata]]>
              </value>
            </param>
            <param index="2">
              <value>
                <![CDATA[2 August 2021]]>
              </value>
            </param>
            <param index="3">
              <value>
                <![CDATA[Kolkata]]>
              </value>
            </param>
            <param index="4">
              <value>
                <![CDATA[Delhi]]>
              </value>
            </param>
            <param index="5">
              <value>
                <![CDATA[3 August 2021]]>
              </value>
            </param>
          </params>
          <reporter-output>
          </reporter-output>
        </test-method> <!-- multiSearching -->
        <test-method is-config="true" signature="afterClass()[pri:0, instance:FactoryRunners.SearchingFlightsRunner@5644dc81]" started-at="2021-04-03T05:55:25Z" name="afterClass" finished-at="2021-04-03T05:55:28Z" duration-ms="2894" status="PASS">
          <reporter-output>
          </reporter-output>
        </test-method> <!-- afterClass -->
      </class> <!-- FactoryRunners.SearchingFlightsRunner -->
      <class name="FactoryRunners.SelectingFlightRunner">
        <test-method is-config="true" signature="beforeClass(java.lang.String)[pri:0, instance:FactoryRunners.SelectingFlightRunner@bff34c6]" started-at="2021-04-03T05:48:48Z" name="beforeClass" finished-at="2021-04-03T05:48:53Z" duration-ms="4873" status="PASS">
          <params>
            <param index="0">
              <value>
                <![CDATA[chrome]]>
              </value>
            </param>
          </params>
          <reporter-output>
          </reporter-output>
        </test-method> <!-- beforeClass -->
        <test-method signature="multiSelection()[pri:0, instance:FactoryRunners.SelectingFlightRunner@bff34c6]" started-at="2021-04-03T05:48:53Z" name="multiSelection" finished-at="2021-04-03T05:49:24Z" duration-ms="30987" status="PASS">
          <reporter-output>
          </reporter-output>
        </test-method> <!-- multiSelection -->
        <test-method signature="onewaySelection()[pri:0, instance:FactoryRunners.SelectingFlightRunner@bff34c6]" started-at="2021-04-03T05:49:24Z" name="onewaySelection" finished-at="2021-04-03T05:49:45Z" duration-ms="20617" status="PASS">
          <reporter-output>
          </reporter-output>
        </test-method> <!-- onewaySelection -->
        <test-method signature="returnSelection()[pri:0, instance:FactoryRunners.SelectingFlightRunner@bff34c6]" started-at="2021-04-03T05:49:45Z" name="returnSelection" finished-at="2021-04-03T05:50:19Z" duration-ms="34675" status="PASS">
          <reporter-output>
          </reporter-output>
        </test-method> <!-- returnSelection -->
        <test-method is-config="true" signature="afterClass()[pri:0, instance:FactoryRunners.SelectingFlightRunner@bff34c6]" started-at="2021-04-03T05:50:19Z" name="afterClass" finished-at="2021-04-03T05:50:22Z" duration-ms="2845" status="PASS">
          <reporter-output>
          </reporter-output>
        </test-method> <!-- afterClass -->
      </class> <!-- FactoryRunners.SelectingFlightRunner -->
    </test> <!-- UnitTests -->
  </suite> <!-- Main Suite -->
</testng-results>
