<?xml version="1.0" encoding="UTF-8"?>
<!-- Generated by org.testng.reporters.JUnitXMLReporter -->
<testsuite ignored="0" hostname="sword" failures="3" tests="9" name="UnitTests" time="165.508" errors="0" timestamp="02 Apr 2021 11:38:33 GMT">
  <testcase classname="FactoryRunners.SelectingFlightRunner" name="multiSelection" time="28.808"/>
  <testcase classname="FactoryRunners.SelectingFlightRunner" name="onewaySelection" time="24.651"/>
  <testcase classname="FactoryRunners.SelectingFlightRunner" name="returnSelection" time="24.528"/>
  <testcase classname="FactoryRunners.CheckChildRunner" name="childTest" time="6.911"/>
  <testcase classname="FactoryRunners.CheckChildRunner" name="childTest" time="10.714"/>
  <testcase classname="FactoryRunners.CheckChildRunner" name="childTest" time="19.533"/>
  <testcase classname="FactoryRunners.CheckoutRunner" name="OneWayCheckoutTest" time="4.581">
    <failure type="java.lang.AssertionError" message="Stopper effect observed, Version has changed and as a result unit testing cannot be carried out">
      <![CDATA[java.lang.AssertionError: Stopper effect observed, Version has changed and as a result unit testing cannot be carried out
at FactoryRunners.CheckoutRunner.OneWayCheckoutTest(CheckoutRunner.java:27)
at java.base/java.util.concurrent.FutureTask.run(FutureTask.java:264)
at java.base/java.util.concurrent.ThreadPoolExecutor.runWorker(ThreadPoolExecutor.java:1130)
at java.base/java.util.concurrent.ThreadPoolExecutor$Worker.run(ThreadPoolExecutor.java:630)
at java.base/java.lang.Thread.run(Thread.java:832)
... Removed 17 stack frames]]>
    </failure>
  </testcase> <!-- OneWayCheckoutTest -->
  <testcase classname="FactoryRunners.CheckoutRunner" name="multiCheckoutTest" time="7.749">
    <failure type="java.lang.AssertionError" message="Stopper effect observed, Version has changed and as a result unit testing cannot be carried out">
      <![CDATA[java.lang.AssertionError: Stopper effect observed, Version has changed and as a result unit testing cannot be carried out
at FactoryRunners.CheckoutRunner.multiCheckoutTest(CheckoutRunner.java:113)
at java.base/java.util.concurrent.FutureTask.run(FutureTask.java:264)
at java.base/java.util.concurrent.ThreadPoolExecutor.runWorker(ThreadPoolExecutor.java:1130)
at java.base/java.util.concurrent.ThreadPoolExecutor$Worker.run(ThreadPoolExecutor.java:630)
at java.base/java.lang.Thread.run(Thread.java:832)
... Removed 17 stack frames]]>
    </failure>
  </testcase> <!-- multiCheckoutTest -->
  <testcase classname="FactoryRunners.CheckoutRunner" name="returnCheckoutTest" time="18.16">
    <failure type="java.lang.AssertionError" message="Stopper effect observed, Version has changed and as a result unit testing cannot be carried out">
      <![CDATA[java.lang.AssertionError: Stopper effect observed, Version has changed and as a result unit testing cannot be carried out
at FactoryRunners.CheckoutRunner.returnCheckoutTest(CheckoutRunner.java:70)
at java.base/java.util.concurrent.FutureTask.run(FutureTask.java:264)
at java.base/java.util.concurrent.ThreadPoolExecutor.runWorker(ThreadPoolExecutor.java:1130)
at java.base/java.util.concurrent.ThreadPoolExecutor$Worker.run(ThreadPoolExecutor.java:630)
at java.base/java.lang.Thread.run(Thread.java:832)
... Removed 17 stack frames]]>
    </failure>
  </testcase> <!-- returnCheckoutTest -->
</testsuite> <!-- UnitTests -->
